This file contains any messages produced by compilers while
running configure, to aid debugging if configure makes a mistake.

It was created by system-config-audit configure 0.4.10, which was
generated by GNU Autoconf 2.63.  Invocation command line was

  $ ./configure --disable-option-checking --prefix=/home/kakazhang/out CC=arm-linux-gnueabihf-gcc --host=arm-linux-gnueabihf host_alias=arm-linux-gnueabihf --cache-file=/dev/null --srcdir=.

## --------- ##
## Platform. ##
## --------- ##

hostname = kakazhang
uname -m = x86_64
uname -r = 4.15.0-129-generic
uname -s = Linux
uname -v = #132~16.04.1-Ubuntu SMP Wed Dec 16 06:46:04 UTC 2020

/usr/bin/uname -p = unknown
/bin/uname -X     = unknown

/bin/arch              = unknown
/usr/bin/arch -k       = unknown
/usr/convex/getsysinfo = unknown
/usr/bin/hostinfo      = unknown
/bin/machine           = unknown
/usr/bin/oslevel       = unknown
/bin/universe          = unknown

PATH: /home/kakazhang/bin
PATH: /home/kakazhang/.local/bin
PATH: /usr/local/sbin
PATH: /usr/local/bin
PATH: /usr/sbin
PATH: /usr/bin
PATH: /sbin
PATH: /bin
PATH: /usr/games
PATH: /usr/local/games
PATH: /snap/bin
PATH: /home/kakazhang/bin
PATH: /home/kakazhang/Tools/android-studio/bin
PATH: /home/kakazhang/Android/Sdk/tools/bin
PATH: /home/kakazhang/Android/Sdk/platform-tools
PATH: /home/kakazhang/Android/Sdk/platform-tools/systrace
PATH: /home/kakazhang/source/github/FlameGraph
PATH: /home/kakazhang/Tools/toolchain/toolchain/gcc-linaro-4.9.4-2017.01-x86_64_arm-linux-gnueabihf/bin


## ----------- ##
## Core tests. ##
## ----------- ##

configure:2183: checking for a BSD-compatible install
configure:2251: result: /usr/bin/install -c
configure:2262: checking whether build environment is sane
configure:2305: result: yes
configure:2330: checking for a thread-safe mkdir -p
configure:2369: result: /bin/mkdir -p
configure:2382: checking for gawk
configure:2412: result: no
configure:2382: checking for mawk
configure:2398: found /usr/bin/mawk
configure:2409: result: mawk
configure:2420: checking whether make sets $(MAKE)
configure:2442: result: yes
configure:2513: checking for arm-linux-gnueabihf-strip
configure:2529: found /home/kakazhang/Tools/toolchain/toolchain/gcc-linaro-4.9.4-2017.01-x86_64_arm-linux-gnueabihf/bin/arm-linux-gnueabihf-strip
configure:2540: result: arm-linux-gnueabihf-strip
configure:2627: checking for arm-linux-gnueabihf-gcc
configure:2654: result: arm-linux-gnueabihf-gcc
configure:2926: checking for C compiler version
configure:2934: arm-linux-gnueabihf-gcc --version >&5
arm-linux-gnueabihf-gcc (Linaro GCC 4.9-2017.01) 4.9.4
Copyright (C) 2015 Free Software Foundation, Inc.
This is free software; see the source for copying conditions.  There is NO
warranty; not even for MERCHANTABILITY or FITNESS FOR A PARTICULAR PURPOSE.

configure:2938: $? = 0
configure:2945: arm-linux-gnueabihf-gcc -v >&5
Using built-in specs.
COLLECT_GCC=arm-linux-gnueabihf-gcc
COLLECT_LTO_WRAPPER=/home/kakazhang/Tools/toolchain/toolchain/gcc-linaro-4.9.4-2017.01-x86_64_arm-linux-gnueabihf/bin/../libexec/gcc/arm-linux-gnueabihf/4.9.4/lto-wrapper
Target: arm-linux-gnueabihf
Configured with: /home/tcwg-buildslave/workspace/tcwg-make-release/label/docker-trusty-amd64-tcwg-build/target/arm-linux-gnueabihf/snapshots/gcc-linaro-4.9-2017.01/configure SHELL=/bin/bash --with-mpc=/home/tcwg-buildslave/workspace/tcwg-make-release/label/docker-trusty-amd64-tcwg-build/target/arm-linux-gnueabihf/_build/builds/destdir/x86_64-unknown-linux-gnu --with-mpfr=/home/tcwg-buildslave/workspace/tcwg-make-release/label/docker-trusty-amd64-tcwg-build/target/arm-linux-gnueabihf/_build/builds/destdir/x86_64-unknown-linux-gnu --with-gmp=/home/tcwg-buildslave/workspace/tcwg-make-release/label/docker-trusty-amd64-tcwg-build/target/arm-linux-gnueabihf/_build/builds/destdir/x86_64-unknown-linux-gnu --with-gnu-as --with-gnu-ld --disable-libmudflap --enable-lto --enable-objc-gc --enable-shared --without-included-gettext --enable-nls --disable-sjlj-exceptions --enable-gnu-unique-object --enable-linker-build-id --disable-libstdcxx-pch --enable-c99 --enable-clocale=gnu --enable-libstdcxx-debug --enable-long-long --with-cloog=no --with-ppl=no --with-isl=no --disable-multilib --with-float=hard --with-mode=thumb --with-tune=cortex-a9 --with-arch=armv7-a --with-fpu=vfpv3-d16 --enable-threads=posix --enable-multiarch --enable-libstdcxx-time=yes --with-build-sysroot=/home/tcwg-buildslave/workspace/tcwg-make-release/label/docker-trusty-amd64-tcwg-build/target/arm-linux-gnueabihf/_build/sysroots/arm-linux-gnueabihf --with-sysroot=/home/tcwg-buildslave/workspace/tcwg-make-release/label/docker-trusty-amd64-tcwg-build/target/arm-linux-gnueabihf/_build/builds/destdir/x86_64-unknown-linux-gnu/arm-linux-gnueabihf/libc --enable-checking=release --disable-bootstrap --enable-languages=c,c++,fortran,lto --build=x86_64-unknown-linux-gnu --host=x86_64-unknown-linux-gnu --target=arm-linux-gnueabihf --prefix=/home/tcwg-buildslave/workspace/tcwg-make-release/label/docker-trusty-amd64-tcwg-build/target/arm-linux-gnueabihf/_build/builds/destdir/x86_64-unknown-linux-gnu
Thread model: posix
gcc version 4.9.4 (Linaro GCC 4.9-2017.01) 
configure:2949: $? = 0
configure:2956: arm-linux-gnueabihf-gcc -V >&5
arm-linux-gnueabihf-gcc: error: unrecognized command line option '-V'
arm-linux-gnueabihf-gcc: fatal error: no input files
compilation terminated.
configure:2960: $? = 1
configure:2983: checking for C compiler default output file name
configure:3005: arm-linux-gnueabihf-gcc    conftest.c  >&5
configure:3009: $? = 0
configure:3047: result: a.out
configure:3066: checking whether the C compiler works
configure:3076: ./a.out
./configure: line 3078: ./a.out: cannot execute binary file: Exec format error
configure:3080: $? = 126
configure:3099: result: yes
configure:3106: checking whether we are cross compiling
configure:3108: result: yes
configure:3111: checking for suffix of executables
configure:3118: arm-linux-gnueabihf-gcc -o conftest    conftest.c  >&5
configure:3122: $? = 0
configure:3148: result: 
configure:3154: checking for suffix of object files
configure:3180: arm-linux-gnueabihf-gcc -c   conftest.c >&5
configure:3184: $? = 0
configure:3209: result: o
configure:3213: checking whether we are using the GNU C compiler
configure:3242: arm-linux-gnueabihf-gcc -c   conftest.c >&5
configure:3249: $? = 0
configure:3266: result: yes
configure:3275: checking whether arm-linux-gnueabihf-gcc accepts -g
configure:3305: arm-linux-gnueabihf-gcc -c -g  conftest.c >&5
configure:3312: $? = 0
configure:3413: result: yes
configure:3430: checking for arm-linux-gnueabihf-gcc option to accept ISO C89
configure:3504: arm-linux-gnueabihf-gcc  -c -g -O2  conftest.c >&5
configure:3511: $? = 0
configure:3534: result: none needed
configure:3563: checking for style of include used by make
configure:3591: result: GNU
configure:3616: checking dependency style of arm-linux-gnueabihf-gcc
configure:3707: result: gcc3
configure:3723: checking whether arm-linux-gnueabihf-gcc and cc understand -c and -o together
configure:3758: arm-linux-gnueabihf-gcc -c conftest.c -o conftest2.o >&5
configure:3762: $? = 0
configure:3768: arm-linux-gnueabihf-gcc -c conftest.c -o conftest2.o >&5
configure:3772: $? = 0
configure:3783: cc -c conftest.c >&5
configure:3787: $? = 0
configure:3795: cc -c conftest.c -o conftest2.o >&5
configure:3799: $? = 0
configure:3805: cc -c conftest.c -o conftest2.o >&5
configure:3809: $? = 0
configure:3827: result: yes
configure:3885: checking for a Python interpreter with version >= 2.4
configure:3900: python -c import sys, string # split strings by '.' and convert to numeric. Append some zeros # because we need at least 4 digits for the hex conversion. minver = map(int, string.split('2.4', '.')) + [0, 0, 0] minverhex = 0 for i in xrange(0, 4): minverhex = (minverhex << 8) + minver[i] sys.exit(sys.hexversion < minverhex)
configure:3903: $? = 0
configure:3910: result: python
configure:3918: checking for python
configure:3936: found /usr/bin/python
configure:3948: result: /usr/bin/python
configure:3968: checking for python version
configure:3975: result: 2.7
configure:3987: checking for python platform
configure:3994: result: linux2
configure:4001: checking for python script directory
configure:4009: result: ${prefix}/lib/python2.7/site-packages
configure:4018: checking for python extension module directory
configure:4026: result: ${exec_prefix}/lib/python2.7/site-packages
configure:4112: checking for xgettext
configure:4130: found /usr/bin/xgettext
configure:4142: result: /usr/bin/xgettext
configure:4152: checking for msgmerge
configure:4170: found /usr/bin/msgmerge
configure:4182: result: /usr/bin/msgmerge
configure:4192: checking for msgfmt
configure:4210: found /usr/bin/msgfmt
configure:4222: result: /usr/bin/msgfmt
configure:4254: checking for perl
configure:4272: found /usr/bin/perl
configure:4284: result: /usr/bin/perl
configure:4303: checking for XML::Parser
configure:4306: result: ok
configure:4343: arm-linux-gnueabihf-gcc -o conftest -g -O2   conftest.c  >&5
configure:4350: $? = 0
configure:4555: checking build system type
configure:4573: result: x86_64-unknown-linux-gnu
configure:4595: checking host system type
configure:4610: result: arm-unknown-linux-gnueabihf
configure:4632: checking for a sed that does not truncate output
configure:4688: result: /bin/sed
configure:4691: checking for grep that handles long lines and -e
configure:4751: result: /bin/grep
configure:4756: checking for egrep
configure:4820: result: /bin/grep -E
configure:4836: checking for ld used by arm-linux-gnueabihf-gcc
configure:4903: result: /home/kakazhang/Tools/toolchain/toolchain/gcc-linaro-4.9.4-2017.01-x86_64_arm-linux-gnueabihf/arm-linux-gnueabihf/bin/ld
configure:4912: checking if the linker (/home/kakazhang/Tools/toolchain/toolchain/gcc-linaro-4.9.4-2017.01-x86_64_arm-linux-gnueabihf/arm-linux-gnueabihf/bin/ld) is GNU ld
configure:4927: result: yes
configure:4932: checking for /home/kakazhang/Tools/toolchain/toolchain/gcc-linaro-4.9.4-2017.01-x86_64_arm-linux-gnueabihf/arm-linux-gnueabihf/bin/ld option to reload object files
configure:4939: result: -r
configure:4957: checking for BSD-compatible nm
configure:5006: result: /home/kakazhang/Tools/toolchain/toolchain/gcc-linaro-4.9.4-2017.01-x86_64_arm-linux-gnueabihf/bin/arm-linux-gnueabihf-nm -B
configure:5010: checking whether ln -s works
configure:5014: result: yes
configure:5021: checking how to recognize dependent libraries
configure:5207: result: pass_all
configure:5452: checking how to run the C preprocessor
configure:5492: arm-linux-gnueabihf-gcc -E  conftest.c
configure:5499: $? = 0
configure:5530: arm-linux-gnueabihf-gcc -E  conftest.c
conftest.c:8:28: fatal error: ac_nonexistent.h: No such file or directory
 #include <ac_nonexistent.h>
                            ^
compilation terminated.
configure:5537: $? = 1
configure: failed program was:
| /* confdefs.h.  */
| #define PACKAGE_NAME "system-config-audit"
| #define PACKAGE_TARNAME "system-config-audit"
| #define PACKAGE_VERSION "0.4.10"
| #define PACKAGE_STRING "system-config-audit 0.4.10"
| #define PACKAGE_BUGREPORT "mitr@redhat.com"
| /* end confdefs.h.  */
| #include <ac_nonexistent.h>
configure:5570: result: arm-linux-gnueabihf-gcc -E
configure:5599: arm-linux-gnueabihf-gcc -E  conftest.c
configure:5606: $? = 0
configure:5637: arm-linux-gnueabihf-gcc -E  conftest.c
conftest.c:8:28: fatal error: ac_nonexistent.h: No such file or directory
 #include <ac_nonexistent.h>
                            ^
compilation terminated.
configure:5644: $? = 1
configure: failed program was:
| /* confdefs.h.  */
| #define PACKAGE_NAME "system-config-audit"
| #define PACKAGE_TARNAME "system-config-audit"
| #define PACKAGE_VERSION "0.4.10"
| #define PACKAGE_STRING "system-config-audit 0.4.10"
| #define PACKAGE_BUGREPORT "mitr@redhat.com"
| /* end confdefs.h.  */
| #include <ac_nonexistent.h>
configure:5684: checking for ANSI C header files
configure:5714: arm-linux-gnueabihf-gcc -c -g -O2  conftest.c >&5
configure:5721: $? = 0
configure:5852: result: yes
configure:5876: checking for sys/types.h
configure:5897: arm-linux-gnueabihf-gcc -c -g -O2  conftest.c >&5
configure:5904: $? = 0
configure:5921: result: yes
configure:5876: checking for sys/stat.h
configure:5897: arm-linux-gnueabihf-gcc -c -g -O2  conftest.c >&5
configure:5904: $? = 0
configure:5921: result: yes
configure:5876: checking for stdlib.h
configure:5897: arm-linux-gnueabihf-gcc -c -g -O2  conftest.c >&5
configure:5904: $? = 0
configure:5921: result: yes
configure:5876: checking for string.h
configure:5897: arm-linux-gnueabihf-gcc -c -g -O2  conftest.c >&5
configure:5904: $? = 0
configure:5921: result: yes
configure:5876: checking for memory.h
configure:5897: arm-linux-gnueabihf-gcc -c -g -O2  conftest.c >&5
configure:5904: $? = 0
configure:5921: result: yes
configure:5876: checking for strings.h
configure:5897: arm-linux-gnueabihf-gcc -c -g -O2  conftest.c >&5
configure:5904: $? = 0
configure:5921: result: yes
configure:5876: checking for inttypes.h
configure:5897: arm-linux-gnueabihf-gcc -c -g -O2  conftest.c >&5
configure:5904: $? = 0
configure:5921: result: yes
configure:5876: checking for stdint.h
configure:5897: arm-linux-gnueabihf-gcc -c -g -O2  conftest.c >&5
configure:5904: $? = 0
configure:5921: result: yes
configure:5876: checking for unistd.h
configure:5897: arm-linux-gnueabihf-gcc -c -g -O2  conftest.c >&5
configure:5904: $? = 0
configure:5921: result: yes
configure:5951: checking dlfcn.h usability
configure:5968: arm-linux-gnueabihf-gcc -c -g -O2  conftest.c >&5
configure:5975: $? = 0
configure:5989: result: yes
configure:5993: checking dlfcn.h presence
configure:6008: arm-linux-gnueabihf-gcc -E  conftest.c
configure:6015: $? = 0
configure:6029: result: yes
configure:6062: checking for dlfcn.h
configure:6071: result: yes
configure:6100: checking for arm-linux-gnueabihf-g++
configure:6116: found /home/kakazhang/Tools/toolchain/toolchain/gcc-linaro-4.9.4-2017.01-x86_64_arm-linux-gnueabihf/bin/arm-linux-gnueabihf-g++
configure:6127: result: arm-linux-gnueabihf-g++
configure:6198: checking for C++ compiler version
configure:6206: arm-linux-gnueabihf-g++ --version >&5
arm-linux-gnueabihf-g++ (Linaro GCC 4.9-2017.01) 4.9.4
Copyright (C) 2015 Free Software Foundation, Inc.
This is free software; see the source for copying conditions.  There is NO
warranty; not even for MERCHANTABILITY or FITNESS FOR A PARTICULAR PURPOSE.

configure:6210: $? = 0
configure:6217: arm-linux-gnueabihf-g++ -v >&5
Using built-in specs.
COLLECT_GCC=arm-linux-gnueabihf-g++
COLLECT_LTO_WRAPPER=/home/kakazhang/Tools/toolchain/toolchain/gcc-linaro-4.9.4-2017.01-x86_64_arm-linux-gnueabihf/bin/../libexec/gcc/arm-linux-gnueabihf/4.9.4/lto-wrapper
Target: arm-linux-gnueabihf
Configured with: /home/tcwg-buildslave/workspace/tcwg-make-release/label/docker-trusty-amd64-tcwg-build/target/arm-linux-gnueabihf/snapshots/gcc-linaro-4.9-2017.01/configure SHELL=/bin/bash --with-mpc=/home/tcwg-buildslave/workspace/tcwg-make-release/label/docker-trusty-amd64-tcwg-build/target/arm-linux-gnueabihf/_build/builds/destdir/x86_64-unknown-linux-gnu --with-mpfr=/home/tcwg-buildslave/workspace/tcwg-make-release/label/docker-trusty-amd64-tcwg-build/target/arm-linux-gnueabihf/_build/builds/destdir/x86_64-unknown-linux-gnu --with-gmp=/home/tcwg-buildslave/workspace/tcwg-make-release/label/docker-trusty-amd64-tcwg-build/target/arm-linux-gnueabihf/_build/builds/destdir/x86_64-unknown-linux-gnu --with-gnu-as --with-gnu-ld --disable-libmudflap --enable-lto --enable-objc-gc --enable-shared --without-included-gettext --enable-nls --disable-sjlj-exceptions --enable-gnu-unique-object --enable-linker-build-id --disable-libstdcxx-pch --enable-c99 --enable-clocale=gnu --enable-libstdcxx-debug --enable-long-long --with-cloog=no --with-ppl=no --with-isl=no --disable-multilib --with-float=hard --with-mode=thumb --with-tune=cortex-a9 --with-arch=armv7-a --with-fpu=vfpv3-d16 --enable-threads=posix --enable-multiarch --enable-libstdcxx-time=yes --with-build-sysroot=/home/tcwg-buildslave/workspace/tcwg-make-release/label/docker-trusty-amd64-tcwg-build/target/arm-linux-gnueabihf/_build/sysroots/arm-linux-gnueabihf --with-sysroot=/home/tcwg-buildslave/workspace/tcwg-make-release/label/docker-trusty-amd64-tcwg-build/target/arm-linux-gnueabihf/_build/builds/destdir/x86_64-unknown-linux-gnu/arm-linux-gnueabihf/libc --enable-checking=release --disable-bootstrap --enable-languages=c,c++,fortran,lto --build=x86_64-unknown-linux-gnu --host=x86_64-unknown-linux-gnu --target=arm-linux-gnueabihf --prefix=/home/tcwg-buildslave/workspace/tcwg-make-release/label/docker-trusty-amd64-tcwg-build/target/arm-linux-gnueabihf/_build/builds/destdir/x86_64-unknown-linux-gnu
Thread model: posix
gcc version 4.9.4 (Linaro GCC 4.9-2017.01) 
configure:6221: $? = 0
configure:6228: arm-linux-gnueabihf-g++ -V >&5
arm-linux-gnueabihf-g++: error: unrecognized command line option '-V'
arm-linux-gnueabihf-g++: fatal error: no input files
compilation terminated.
configure:6232: $? = 1
configure:6235: checking whether we are using the GNU C++ compiler
configure:6264: arm-linux-gnueabihf-g++ -c   conftest.cpp >&5
configure:6271: $? = 0
configure:6288: result: yes
configure:6297: checking whether arm-linux-gnueabihf-g++ accepts -g
configure:6327: arm-linux-gnueabihf-g++ -c -g  conftest.cpp >&5
configure:6334: $? = 0
configure:6435: result: yes
configure:6460: checking dependency style of arm-linux-gnueabihf-g++
configure:6551: result: gcc3
configure:6576: checking how to run the C++ preprocessor
configure:6612: arm-linux-gnueabihf-g++ -E  conftest.cpp
configure:6619: $? = 0
configure:6650: arm-linux-gnueabihf-g++ -E  conftest.cpp
conftest.cpp:19:28: fatal error: ac_nonexistent.h: No such file or directory
 #include <ac_nonexistent.h>
                            ^
compilation terminated.
configure:6657: $? = 1
configure: failed program was:
| /* confdefs.h.  */
| #define PACKAGE_NAME "system-config-audit"
| #define PACKAGE_TARNAME "system-config-audit"
| #define PACKAGE_VERSION "0.4.10"
| #define PACKAGE_STRING "system-config-audit 0.4.10"
| #define PACKAGE_BUGREPORT "mitr@redhat.com"
| #define STDC_HEADERS 1
| #define HAVE_SYS_TYPES_H 1
| #define HAVE_SYS_STAT_H 1
| #define HAVE_STDLIB_H 1
| #define HAVE_STRING_H 1
| #define HAVE_MEMORY_H 1
| #define HAVE_STRINGS_H 1
| #define HAVE_INTTYPES_H 1
| #define HAVE_STDINT_H 1
| #define HAVE_UNISTD_H 1
| #define HAVE_DLFCN_H 1
| /* end confdefs.h.  */
| #include <ac_nonexistent.h>
configure:6690: result: arm-linux-gnueabihf-g++ -E
configure:6719: arm-linux-gnueabihf-g++ -E  conftest.cpp
configure:6726: $? = 0
configure:6757: arm-linux-gnueabihf-g++ -E  conftest.cpp
conftest.cpp:19:28: fatal error: ac_nonexistent.h: No such file or directory
 #include <ac_nonexistent.h>
                            ^
compilation terminated.
configure:6764: $? = 1
configure: failed program was:
| /* confdefs.h.  */
| #define PACKAGE_NAME "system-config-audit"
| #define PACKAGE_TARNAME "system-config-audit"
| #define PACKAGE_VERSION "0.4.10"
| #define PACKAGE_STRING "system-config-audit 0.4.10"
| #define PACKAGE_BUGREPORT "mitr@redhat.com"
| #define STDC_HEADERS 1
| #define HAVE_SYS_TYPES_H 1
| #define HAVE_SYS_STAT_H 1
| #define HAVE_STDLIB_H 1
| #define HAVE_STRING_H 1
| #define HAVE_MEMORY_H 1
| #define HAVE_STRINGS_H 1
| #define HAVE_INTTYPES_H 1
| #define HAVE_STDINT_H 1
| #define HAVE_UNISTD_H 1
| #define HAVE_DLFCN_H 1
| /* end confdefs.h.  */
| #include <ac_nonexistent.h>
configure:6815: checking for arm-linux-gnueabihf-g77
configure:6845: result: no
configure:6815: checking for arm-linux-gnueabihf-xlf
configure:6845: result: no
configure:6815: checking for arm-linux-gnueabihf-f77
configure:6845: result: no
configure:6815: checking for arm-linux-gnueabihf-frt
configure:6845: result: no
configure:6815: checking for arm-linux-gnueabihf-pgf77
configure:6845: result: no
configure:6815: checking for arm-linux-gnueabihf-cf77
configure:6845: result: no
configure:6815: checking for arm-linux-gnueabihf-fort77
configure:6845: result: no
configure:6815: checking for arm-linux-gnueabihf-fl32
configure:6845: result: no
configure:6815: checking for arm-linux-gnueabihf-af77
configure:6845: result: no
configure:6815: checking for arm-linux-gnueabihf-xlf90
configure:6845: result: no
configure:6815: checking for arm-linux-gnueabihf-f90
configure:6845: result: no
configure:6815: checking for arm-linux-gnueabihf-pgf90
configure:6845: result: no
configure:6815: checking for arm-linux-gnueabihf-pghpf
configure:6845: result: no
configure:6815: checking for arm-linux-gnueabihf-epcf90
configure:6845: result: no
configure:6815: checking for arm-linux-gnueabihf-gfortran
configure:6831: found /home/kakazhang/Tools/toolchain/toolchain/gcc-linaro-4.9.4-2017.01-x86_64_arm-linux-gnueabihf/bin/arm-linux-gnueabihf-gfortran
configure:6842: result: arm-linux-gnueabihf-gfortran
configure:6912: checking for Fortran 77 compiler version
configure:6920: arm-linux-gnueabihf-gfortran --version >&5
GNU Fortran (Linaro GCC 4.9-2017.01) 4.9.4
Copyright (C) 2015 Free Software Foundation, Inc.

GNU Fortran comes with NO WARRANTY, to the extent permitted by law.
You may redistribute copies of GNU Fortran
under the terms of the GNU General Public License.
For more information about these matters, see the file named COPYING

configure:6924: $? = 0
configure:6931: arm-linux-gnueabihf-gfortran -v >&5
Using built-in specs.
COLLECT_GCC=arm-linux-gnueabihf-gfortran
COLLECT_LTO_WRAPPER=/home/kakazhang/Tools/toolchain/toolchain/gcc-linaro-4.9.4-2017.01-x86_64_arm-linux-gnueabihf/bin/../libexec/gcc/arm-linux-gnueabihf/4.9.4/lto-wrapper
Target: arm-linux-gnueabihf
Configured with: /home/tcwg-buildslave/workspace/tcwg-make-release/label/docker-trusty-amd64-tcwg-build/target/arm-linux-gnueabihf/snapshots/gcc-linaro-4.9-2017.01/configure SHELL=/bin/bash --with-mpc=/home/tcwg-buildslave/workspace/tcwg-make-release/label/docker-trusty-amd64-tcwg-build/target/arm-linux-gnueabihf/_build/builds/destdir/x86_64-unknown-linux-gnu --with-mpfr=/home/tcwg-buildslave/workspace/tcwg-make-release/label/docker-trusty-amd64-tcwg-build/target/arm-linux-gnueabihf/_build/builds/destdir/x86_64-unknown-linux-gnu --with-gmp=/home/tcwg-buildslave/workspace/tcwg-make-release/label/docker-trusty-amd64-tcwg-build/target/arm-linux-gnueabihf/_build/builds/destdir/x86_64-unknown-linux-gnu --with-gnu-as --with-gnu-ld --disable-libmudflap --enable-lto --enable-objc-gc --enable-shared --without-included-gettext --enable-nls --disable-sjlj-exceptions --enable-gnu-unique-object --enable-linker-build-id --disable-libstdcxx-pch --enable-c99 --enable-clocale=gnu --enable-libstdcxx-debug --enable-long-long --with-cloog=no --with-ppl=no --with-isl=no --disable-multilib --with-float=hard --with-mode=thumb --with-tune=cortex-a9 --with-arch=armv7-a --with-fpu=vfpv3-d16 --enable-threads=posix --enable-multiarch --enable-libstdcxx-time=yes --with-build-sysroot=/home/tcwg-buildslave/workspace/tcwg-make-release/label/docker-trusty-amd64-tcwg-build/target/arm-linux-gnueabihf/_build/sysroots/arm-linux-gnueabihf --with-sysroot=/home/tcwg-buildslave/workspace/tcwg-make-release/label/docker-trusty-amd64-tcwg-build/target/arm-linux-gnueabihf/_build/builds/destdir/x86_64-unknown-linux-gnu/arm-linux-gnueabihf/libc --enable-checking=release --disable-bootstrap --enable-languages=c,c++,fortran,lto --build=x86_64-unknown-linux-gnu --host=x86_64-unknown-linux-gnu --target=arm-linux-gnueabihf --prefix=/home/tcwg-buildslave/workspace/tcwg-make-release/label/docker-trusty-amd64-tcwg-build/target/arm-linux-gnueabihf/_build/builds/destdir/x86_64-unknown-linux-gnu
Thread model: posix
gcc version 4.9.4 (Linaro GCC 4.9-2017.01) 
configure:6935: $? = 0
configure:6942: arm-linux-gnueabihf-gfortran -V >&5
arm-linux-gnueabihf-gfortran: error: unrecognized command line option '-V'
arm-linux-gnueabihf-gfortran: fatal error: no input files
compilation terminated.
configure:6946: $? = 1
configure:6954: checking whether we are using the GNU Fortran 77 compiler
configure:6973: arm-linux-gnueabihf-gfortran -c  conftest.F >&5
configure:6980: $? = 0
configure:6997: result: yes
configure:7003: checking whether arm-linux-gnueabihf-gfortran accepts -g
configure:7020: arm-linux-gnueabihf-gfortran -c -g conftest.f >&5
configure:7027: $? = 0
configure:7043: result: yes
configure:7077: checking the maximum length of command line arguments
configure:7189: result: 1572864
configure:7201: checking command to parse /home/kakazhang/Tools/toolchain/toolchain/gcc-linaro-4.9.4-2017.01-x86_64_arm-linux-gnueabihf/bin/arm-linux-gnueabihf-nm -B output from arm-linux-gnueabihf-gcc object
configure:7306: arm-linux-gnueabihf-gcc -c -g -O2  conftest.c >&5
configure:7309: $? = 0
configure:7313: /home/kakazhang/Tools/toolchain/toolchain/gcc-linaro-4.9.4-2017.01-x86_64_arm-linux-gnueabihf/bin/arm-linux-gnueabihf-nm -B conftest.o \| sed -n -e 's/^.*[ 	]\([ABCDGIRSTW][ABCDGIRSTW]*\)[ 	][ 	]*\([_A-Za-z][_A-Za-z0-9]*\)$/\1 \2 \2/p' \> conftest.nm
configure:7316: $? = 0
configure:7368: arm-linux-gnueabihf-gcc -o conftest -g -O2   conftest.c conftstm.o >&5
configure:7371: $? = 0
configure:7409: result: ok
configure:7413: checking for objdir
configure:7428: result: .libs
configure:7480: checking for arm-linux-gnueabihf-ar
configure:7496: found /home/kakazhang/Tools/toolchain/toolchain/gcc-linaro-4.9.4-2017.01-x86_64_arm-linux-gnueabihf/bin/arm-linux-gnueabihf-ar
configure:7507: result: arm-linux-gnueabihf-ar
configure:7572: checking for arm-linux-gnueabihf-ranlib
configure:7588: found /home/kakazhang/Tools/toolchain/toolchain/gcc-linaro-4.9.4-2017.01-x86_64_arm-linux-gnueabihf/bin/arm-linux-gnueabihf-ranlib
configure:7599: result: arm-linux-gnueabihf-ranlib
configure:7664: checking for arm-linux-gnueabihf-strip
configure:7691: result: arm-linux-gnueabihf-strip
configure:8013: checking if arm-linux-gnueabihf-gcc supports -fno-rtti -fno-exceptions
configure:8031: arm-linux-gnueabihf-gcc -c -g -O2  -fno-rtti -fno-exceptions conftest.c >&5
cc1: warning: command line option '-fno-rtti' is valid for C++/ObjC++ but not for C
configure:8035: $? = 0
configure:8048: result: no
configure:8063: checking for arm-linux-gnueabihf-gcc option to produce PIC
configure:8295: result: -fPIC
configure:8303: checking if arm-linux-gnueabihf-gcc PIC flag -fPIC works
configure:8321: arm-linux-gnueabihf-gcc -c -g -O2  -fPIC -DPIC conftest.c >&5
configure:8325: $? = 0
configure:8338: result: yes
configure:8366: checking if arm-linux-gnueabihf-gcc static flag -static works
configure:8394: result: yes
configure:8404: checking if arm-linux-gnueabihf-gcc supports -c -o file.o
configure:8425: arm-linux-gnueabihf-gcc -c -g -O2  -o out/conftest2.o conftest.c >&5
configure:8429: $? = 0
configure:8451: result: yes
configure:8477: checking whether the arm-linux-gnueabihf-gcc linker (/home/kakazhang/Tools/toolchain/toolchain/gcc-linaro-4.9.4-2017.01-x86_64_arm-linux-gnueabihf/arm-linux-gnueabihf/bin/ld) supports shared libraries
configure:9465: result: yes
configure:9486: checking whether -lc should be explicitly linked in
configure:9491: arm-linux-gnueabihf-gcc -c -g -O2  conftest.c >&5
configure:9494: $? = 0
configure:9509: arm-linux-gnueabihf-gcc -shared conftest.o  -v -Wl,-soname -Wl,conftest -o conftest 2\>\&1 \| grep  -lc  \>/dev/null 2\>\&1
configure:9512: $? = 0
configure:9524: result: no
configure:9532: checking dynamic linker characteristics
configure:10136: result: GNU/Linux ld.so
configure:10145: checking how to hardcode library paths into programs
configure:10170: result: immediate
configure:10184: checking whether stripping libraries is possible
configure:10189: result: yes
configure:11019: checking if libtool supports shared libraries
configure:11021: result: yes
configure:11024: checking whether to build shared libraries
configure:11045: result: yes
configure:11048: checking whether to build static libraries
configure:11052: result: no
configure:11145: creating libtool
configure:11733: checking for ld used by arm-linux-gnueabihf-g++
configure:11800: result: /home/kakazhang/Tools/toolchain/toolchain/gcc-linaro-4.9.4-2017.01-x86_64_arm-linux-gnueabihf/arm-linux-gnueabihf/bin/ld
configure:11809: checking if the linker (/home/kakazhang/Tools/toolchain/toolchain/gcc-linaro-4.9.4-2017.01-x86_64_arm-linux-gnueabihf/arm-linux-gnueabihf/bin/ld) is GNU ld
configure:11824: result: yes
configure:11875: checking whether the arm-linux-gnueabihf-g++ linker (/home/kakazhang/Tools/toolchain/toolchain/gcc-linaro-4.9.4-2017.01-x86_64_arm-linux-gnueabihf/arm-linux-gnueabihf/bin/ld) supports shared libraries
configure:12857: result: yes
configure:12875: arm-linux-gnueabihf-g++ -c -g -O2  conftest.cpp >&5
configure:12878: $? = 0
configure:13030: checking for arm-linux-gnueabihf-g++ option to produce PIC
configure:13314: result: -fPIC
configure:13322: checking if arm-linux-gnueabihf-g++ PIC flag -fPIC works
configure:13340: arm-linux-gnueabihf-g++ -c -g -O2  -fPIC -DPIC conftest.cpp >&5
configure:13344: $? = 0
configure:13357: result: yes
configure:13385: checking if arm-linux-gnueabihf-g++ static flag -static works
configure:13413: result: yes
configure:13423: checking if arm-linux-gnueabihf-g++ supports -c -o file.o
configure:13444: arm-linux-gnueabihf-g++ -c -g -O2  -o out/conftest2.o conftest.cpp >&5
configure:13448: $? = 0
configure:13470: result: yes
configure:13496: checking whether the arm-linux-gnueabihf-g++ linker (/home/kakazhang/Tools/toolchain/toolchain/gcc-linaro-4.9.4-2017.01-x86_64_arm-linux-gnueabihf/arm-linux-gnueabihf/bin/ld) supports shared libraries
configure:13521: result: yes
configure:13588: checking dynamic linker characteristics
configure:14140: result: GNU/Linux ld.so
configure:14149: checking how to hardcode library paths into programs
configure:14174: result: immediate
configure:14708: checking if libtool supports shared libraries
configure:14710: result: yes
configure:14713: checking whether to build shared libraries
configure:14733: result: yes
configure:14736: checking whether to build static libraries
configure:14740: result: no
configure:14750: checking for arm-linux-gnueabihf-gfortran option to produce PIC
configure:14982: result: -fPIC
configure:14990: checking if arm-linux-gnueabihf-gfortran PIC flag -fPIC works
configure:15008: arm-linux-gnueabihf-gfortran -c -g -O2 -fPIC conftest.f >&5
configure:15012: $? = 0
configure:15025: result: yes
configure:15053: checking if arm-linux-gnueabihf-gfortran static flag -static works
configure:15081: result: yes
configure:15091: checking if arm-linux-gnueabihf-gfortran supports -c -o file.o
configure:15112: arm-linux-gnueabihf-gfortran -c -g -O2 -o out/conftest2.o conftest.f >&5
configure:15116: $? = 0
configure:15138: result: yes
configure:15164: checking whether the arm-linux-gnueabihf-gfortran linker (/home/kakazhang/Tools/toolchain/toolchain/gcc-linaro-4.9.4-2017.01-x86_64_arm-linux-gnueabihf/arm-linux-gnueabihf/bin/ld) supports shared libraries
configure:16132: result: yes
configure:16199: checking dynamic linker characteristics
configure:16751: result: GNU/Linux ld.so
configure:16760: checking how to hardcode library paths into programs
configure:16785: result: immediate
configure:20382: checking whether NLS is requested
configure:20391: result: yes
configure:20429: checking for msgfmt
configure:20461: result: /usr/bin/msgfmt
configure:20470: checking for gmsgfmt
configure:20501: result: /usr/bin/msgfmt
configure:20541: checking for xgettext
configure:20573: result: /usr/bin/xgettext
configure:20613: checking for msgmerge
configure:20644: result: /usr/bin/msgmerge
configure:20719: checking for ld used by GCC
configure:20783: result: /home/kakazhang/Tools/toolchain/toolchain/gcc-linaro-4.9.4-2017.01-x86_64_arm-linux-gnueabihf/arm-linux-gnueabihf/bin/ld
configure:20792: checking if the linker (/home/kakazhang/Tools/toolchain/toolchain/gcc-linaro-4.9.4-2017.01-x86_64_arm-linux-gnueabihf/arm-linux-gnueabihf/bin/ld) is GNU ld
configure:20805: result: yes
configure:20812: checking for shared library run path origin
configure:20825: result: done
configure:21241: checking for CFPreferencesCopyAppValue
configure:21271: arm-linux-gnueabihf-gcc -o conftest -g -O2  -I/System/Library/Frameworks/CoreFoundation.framework/Headers  conftest.c  -framework CoreFoundation >&5
arm-linux-gnueabihf-gcc: error: CoreFoundation: No such file or directory
arm-linux-gnueabihf-gcc: error: unrecognized command line option '-framework'
configure:21278: $? = 1
configure: failed program was:
| /* confdefs.h.  */
| #define PACKAGE_NAME "system-config-audit"
| #define PACKAGE_TARNAME "system-config-audit"
| #define PACKAGE_VERSION "0.4.10"
| #define PACKAGE_STRING "system-config-audit 0.4.10"
| #define PACKAGE_BUGREPORT "mitr@redhat.com"
| #define STDC_HEADERS 1
| #define HAVE_SYS_TYPES_H 1
| #define HAVE_SYS_STAT_H 1
| #define HAVE_STDLIB_H 1
| #define HAVE_STRING_H 1
| #define HAVE_MEMORY_H 1
| #define HAVE_STRINGS_H 1
| #define HAVE_INTTYPES_H 1
| #define HAVE_STDINT_H 1
| #define HAVE_UNISTD_H 1
| #define HAVE_DLFCN_H 1
| /* end confdefs.h.  */
| #include <CFPreferences.h>
| int
| main ()
| {
| CFPreferencesCopyAppValue(NULL, NULL)
|   ;
|   return 0;
| }
configure:21300: result: no
configure:21309: checking for CFLocaleCopyCurrent
configure:21339: arm-linux-gnueabihf-gcc -o conftest -g -O2  -I/System/Library/Frameworks/CoreFoundation.framework/Headers  conftest.c  -framework CoreFoundation >&5
arm-linux-gnueabihf-gcc: error: CoreFoundation: No such file or directory
arm-linux-gnueabihf-gcc: error: unrecognized command line option '-framework'
configure:21346: $? = 1
configure: failed program was:
| /* confdefs.h.  */
| #define PACKAGE_NAME "system-config-audit"
| #define PACKAGE_TARNAME "system-config-audit"
| #define PACKAGE_VERSION "0.4.10"
| #define PACKAGE_STRING "system-config-audit 0.4.10"
| #define PACKAGE_BUGREPORT "mitr@redhat.com"
| #define STDC_HEADERS 1
| #define HAVE_SYS_TYPES_H 1
| #define HAVE_SYS_STAT_H 1
| #define HAVE_STDLIB_H 1
| #define HAVE_STRING_H 1
| #define HAVE_MEMORY_H 1
| #define HAVE_STRINGS_H 1
| #define HAVE_INTTYPES_H 1
| #define HAVE_STDINT_H 1
| #define HAVE_UNISTD_H 1
| #define HAVE_DLFCN_H 1
| /* end confdefs.h.  */
| #include <CFLocale.h>
| int
| main ()
| {
| CFLocaleCopyCurrent();
|   ;
|   return 0;
| }
configure:21368: result: no
configure:21385: checking whether NLS is requested
configure:21394: result: yes
configure:21412: checking for GNU gettext in libc
configure:21441: arm-linux-gnueabihf-gcc -o conftest -g -O2   conftest.c  >&5
configure:21448: $? = 0
configure:21468: result: yes
configure:22182: checking whether to use NLS
configure:22184: result: yes
configure:22187: checking where the gettext function comes from
configure:22198: result: libc
configure:22269: checking for special C compiler options needed for large files
configure:22364: result: no
configure:22370: checking for _FILE_OFFSET_BITS value needed for large files
configure:22405: arm-linux-gnueabihf-gcc -c -g -O2  conftest.c >&5
conftest.c:28:3: warning: left shift count >= width of type
   int off_t_is_large[(LARGE_OFF_T % 2147483629 == 721
   ^
conftest.c:28:3: warning: left shift count >= width of type
conftest.c:29:10: warning: left shift count >= width of type
          && LARGE_OFF_T % 2147483647 == 1)
          ^
conftest.c:29:10: warning: left shift count >= width of type
conftest.c:28:7: error: variably modified 'off_t_is_large' at file scope
   int off_t_is_large[(LARGE_OFF_T % 2147483629 == 721
       ^
configure:22412: $? = 1
configure: failed program was:
| /* confdefs.h.  */
| #define PACKAGE_NAME "system-config-audit"
| #define PACKAGE_TARNAME "system-config-audit"
| #define PACKAGE_VERSION "0.4.10"
| #define PACKAGE_STRING "system-config-audit 0.4.10"
| #define PACKAGE_BUGREPORT "mitr@redhat.com"
| #define STDC_HEADERS 1
| #define HAVE_SYS_TYPES_H 1
| #define HAVE_SYS_STAT_H 1
| #define HAVE_STDLIB_H 1
| #define HAVE_STRING_H 1
| #define HAVE_MEMORY_H 1
| #define HAVE_STRINGS_H 1
| #define HAVE_INTTYPES_H 1
| #define HAVE_STDINT_H 1
| #define HAVE_UNISTD_H 1
| #define HAVE_DLFCN_H 1
| #define ENABLE_NLS 1
| #define HAVE_GETTEXT 1
| #define HAVE_DCGETTEXT 1
| /* end confdefs.h.  */
| #include <sys/types.h>
|  /* Check that off_t can represent 2**63 - 1 correctly.
|     We can't simply define LARGE_OFF_T to be 9223372036854775807,
|     since some C++ compilers masquerading as C compilers
|     incorrectly reject 9223372036854775807.  */
| #define LARGE_OFF_T (((off_t) 1 << 62) - 1 + ((off_t) 1 << 62))
|   int off_t_is_large[(LARGE_OFF_T % 2147483629 == 721
| 		       && LARGE_OFF_T % 2147483647 == 1)
| 		      ? 1 : -1];
| int
| main ()
| {
| 
|   ;
|   return 0;
| }
configure:22456: arm-linux-gnueabihf-gcc -c -g -O2  conftest.c >&5
configure:22463: $? = 0
configure:22481: result: 64
configure:22624: checking for available GCC warning flags
configure:22654: arm-linux-gnueabihf-gcc -c -g -O2 -Wall  conftest.c >&5
configure:22661: $? = 0
configure:22654: arm-linux-gnueabihf-gcc -c -g -O2 -W  conftest.c >&5
configure:22661: $? = 0
configure:22654: arm-linux-gnueabihf-gcc -c -g -O2 -Wcast-align  conftest.c >&5
configure:22661: $? = 0
configure:22654: arm-linux-gnueabihf-gcc -c -g -O2 -Wmissing-noreturn  conftest.c >&5
configure:22661: $? = 0
configure:22654: arm-linux-gnueabihf-gcc -c -g -O2 -Wnested-externs  conftest.c >&5
configure:22661: $? = 0
configure:22654: arm-linux-gnueabihf-gcc -c -g -O2 -Wpointer-arith  conftest.c >&5
configure:22661: $? = 0
configure:22654: arm-linux-gnueabihf-gcc -c -g -O2 -Wshadow  conftest.c >&5
configure:22661: $? = 0
configure:22654: arm-linux-gnueabihf-gcc -c -g -O2 -Wstrict-prototypes  conftest.c >&5
conftest.c:25:1: warning: function declaration isn't a prototype [-Wstrict-prototypes]
 main ()
 ^
configure:22661: $? = 0
configure:22654: arm-linux-gnueabihf-gcc -c -g -O2 -Wundef  conftest.c >&5
configure:22661: $? = 0
configure:22654: arm-linux-gnueabihf-gcc -c -g -O2 -Wwrite-strings  conftest.c >&5
configure:22661: $? = 0
configure:22678: result:  -Wall -W -Wcast-align -Wmissing-noreturn -Wnested-externs -Wpointer-arith -Wshadow -Wstrict-prototypes -Wundef -Wwrite-strings
configure:22681: checking whether we should use -Werror
configure:22693: result: no
configure:22826: creating ./config.status

## ---------------------- ##
## Running config.status. ##
## ---------------------- ##

This file was extended by system-config-audit config.status 0.4.10, which was
generated by GNU Autoconf 2.63.  Invocation command line was

  CONFIG_FILES    = 
  CONFIG_HEADERS  = 
  CONFIG_LINKS    = 
  CONFIG_COMMANDS = 
  $ ./config.status 

on kakazhang

config.status:875: creating Makefile
config.status:875: creating po/Makefile.in
config.status:875: creating src/config.h
config.status:1097: src/config.h is unchanged
config.status:1149: executing depfiles commands
config.status:1149: executing intltool commands
config.status:1149: executing default-1 commands
config.status:1149: executing po/stamp-it commands

## ---------------- ##
## Cache variables. ##
## ---------------- ##

ac_cv_build=x86_64-unknown-linux-gnu
ac_cv_c_compiler_gnu=yes
ac_cv_cxx_compiler_gnu=yes
ac_cv_env_CCC_set=
ac_cv_env_CCC_value=
ac_cv_env_CC_set=set
ac_cv_env_CC_value=arm-linux-gnueabihf-gcc
ac_cv_env_CFLAGS_set=
ac_cv_env_CFLAGS_value=
ac_cv_env_CPPFLAGS_set=
ac_cv_env_CPPFLAGS_value=
ac_cv_env_CPP_set=
ac_cv_env_CPP_value=
ac_cv_env_CXXCPP_set=
ac_cv_env_CXXCPP_value=
ac_cv_env_CXXFLAGS_set=
ac_cv_env_CXXFLAGS_value=
ac_cv_env_CXX_set=
ac_cv_env_CXX_value=
ac_cv_env_F77_set=
ac_cv_env_F77_value=
ac_cv_env_FFLAGS_set=
ac_cv_env_FFLAGS_value=
ac_cv_env_LDFLAGS_set=
ac_cv_env_LDFLAGS_value=
ac_cv_env_LIBS_set=
ac_cv_env_LIBS_value=
ac_cv_env_build_alias_set=
ac_cv_env_build_alias_value=
ac_cv_env_host_alias_set=set
ac_cv_env_host_alias_value=arm-linux-gnueabihf
ac_cv_env_target_alias_set=
ac_cv_env_target_alias_value=
ac_cv_f77_compiler_gnu=yes
ac_cv_header_dlfcn_h=yes
ac_cv_header_inttypes_h=yes
ac_cv_header_memory_h=yes
ac_cv_header_stdc=yes
ac_cv_header_stdint_h=yes
ac_cv_header_stdlib_h=yes
ac_cv_header_string_h=yes
ac_cv_header_strings_h=yes
ac_cv_header_sys_stat_h=yes
ac_cv_header_sys_types_h=yes
ac_cv_header_unistd_h=yes
ac_cv_host=arm-unknown-linux-gnueabihf
ac_cv_objext=o
ac_cv_path_EGREP='/bin/grep -E'
ac_cv_path_GMSGFMT=/usr/bin/msgfmt
ac_cv_path_GREP=/bin/grep
ac_cv_path_INTLTOOL_PERL=/usr/bin/perl
ac_cv_path_MSGFMT=/usr/bin/msgfmt
ac_cv_path_MSGMERGE=/usr/bin/msgmerge
ac_cv_path_PYTHON=/usr/bin/python
ac_cv_path_XGETTEXT=/usr/bin/xgettext
ac_cv_path_install='/usr/bin/install -c'
ac_cv_path_mkdir=/bin/mkdir
ac_cv_prog_AR=arm-linux-gnueabihf-ar
ac_cv_prog_AWK=mawk
ac_cv_prog_CC=arm-linux-gnueabihf-gcc
ac_cv_prog_CPP='arm-linux-gnueabihf-gcc -E'
ac_cv_prog_CXX=arm-linux-gnueabihf-g++
ac_cv_prog_CXXCPP='arm-linux-gnueabihf-g++ -E'
ac_cv_prog_F77=arm-linux-gnueabihf-gfortran
ac_cv_prog_RANLIB=arm-linux-gnueabihf-ranlib
ac_cv_prog_STRIP=arm-linux-gnueabihf-strip
ac_cv_prog_cc_arm_linux_gnueabihf_gcc_c_o=yes
ac_cv_prog_cc_c89=
ac_cv_prog_cc_g=yes
ac_cv_prog_cxx_g=yes
ac_cv_prog_f77_g=yes
ac_cv_prog_make_make_set=yes
ac_cv_sys_file_offset_bits=64
ac_cv_sys_largefile_CC=no
acl_cv_hardcode_direct=no
acl_cv_hardcode_libdir_flag_spec='${wl}-rpath ${wl}$libdir'
acl_cv_hardcode_libdir_separator=
acl_cv_hardcode_minus_L=no
acl_cv_libext=a
acl_cv_path_LD=/home/kakazhang/Tools/toolchain/toolchain/gcc-linaro-4.9.4-2017.01-x86_64_arm-linux-gnueabihf/arm-linux-gnueabihf/bin/ld
acl_cv_prog_gnu_ld=yes
acl_cv_rpath=done
acl_cv_shlibext=so
acl_cv_wl=-Wl,
am_cv_CC_dependencies_compiler_type=gcc3
am_cv_CXX_dependencies_compiler_type=gcc3
am_cv_pathless_PYTHON=python
am_cv_python_platform=linux2
am_cv_python_pyexecdir='${exec_prefix}/lib/python2.7/site-packages'
am_cv_python_pythondir='${prefix}/lib/python2.7/site-packages'
am_cv_python_version=2.7
gt_cv_func_CFLocaleCopyCurrent=no
gt_cv_func_CFPreferencesCopyAppValue=no
gt_cv_func_gnugettext1_libc=yes
lt_cv_deplibs_check_method=pass_all
lt_cv_file_magic_cmd='$MAGIC_CMD'
lt_cv_file_magic_test_file=
lt_cv_ld_reload_flag=-r
lt_cv_objdir=.libs
lt_cv_path_LD=/home/kakazhang/Tools/toolchain/toolchain/gcc-linaro-4.9.4-2017.01-x86_64_arm-linux-gnueabihf/arm-linux-gnueabihf/bin/ld
lt_cv_path_LDCXX=/home/kakazhang/Tools/toolchain/toolchain/gcc-linaro-4.9.4-2017.01-x86_64_arm-linux-gnueabihf/arm-linux-gnueabihf/bin/ld
lt_cv_path_NM='/home/kakazhang/Tools/toolchain/toolchain/gcc-linaro-4.9.4-2017.01-x86_64_arm-linux-gnueabihf/bin/arm-linux-gnueabihf-nm -B'
lt_cv_path_SED=/bin/sed
lt_cv_prog_compiler_c_o=yes
lt_cv_prog_compiler_c_o_CXX=yes
lt_cv_prog_compiler_c_o_F77=yes
lt_cv_prog_compiler_rtti_exceptions=no
lt_cv_prog_gnu_ld=yes
lt_cv_prog_gnu_ldcxx=yes
lt_cv_sys_global_symbol_pipe='sed -n -e '\''s/^.*[ 	]\([ABCDGIRSTW][ABCDGIRSTW]*\)[ 	][ 	]*\([_A-Za-z][_A-Za-z0-9]*\)$/\1 \2 \2/p'\'''
lt_cv_sys_global_symbol_to_c_name_address='sed -n -e '\''s/^: \([^ ]*\) $/  {\"\1\", (lt_ptr) 0},/p'\'' -e '\''s/^[BCDEGRST] \([^ ]*\) \([^ ]*\)$/  {"\2", (lt_ptr) \&\2},/p'\'''
lt_cv_sys_global_symbol_to_cdecl='sed -n -e '\''s/^. .* \(.*\)$/extern int \1;/p'\'''
lt_cv_sys_max_cmd_len=1572864
lt_lt_cv_prog_compiler_c_o='"yes"'
lt_lt_cv_prog_compiler_c_o_CXX='"yes"'
lt_lt_cv_prog_compiler_c_o_F77='"yes"'
lt_lt_cv_sys_global_symbol_pipe='"sed -n -e '\''s/^.*[ 	]\\([ABCDGIRSTW][ABCDGIRSTW]*\\)[ 	][ 	]*\\([_A-Za-z][_A-Za-z0-9]*\\)\$/\\1 \\2 \\2/p'\''"'
lt_lt_cv_sys_global_symbol_to_c_name_address='"sed -n -e '\''s/^: \\([^ ]*\\) \$/  {\\\"\\1\\\", (lt_ptr) 0},/p'\'' -e '\''s/^[BCDEGRST] \\([^ ]*\\) \\([^ ]*\\)\$/  {\"\\2\", (lt_ptr) \\&\\2},/p'\''"'
lt_lt_cv_sys_global_symbol_to_cdecl='"sed -n -e '\''s/^. .* \\(.*\\)\$/extern int \\1;/p'\''"'
mitr_cv_prog_gcc_warnings=' -Wall -W -Wcast-align -Wmissing-noreturn -Wnested-externs -Wpointer-arith -Wshadow -Wstrict-prototypes -Wundef -Wwrite-strings'

## ----------------- ##
## Output variables. ##
## ----------------- ##

ACLOCAL='${SHELL} /home/kakazhang/source/github/Tools/audit-1.7.18/system-config-audit/admin/missing --run aclocal-1.10'
ALL_LINGUAS=''
AMDEPBACKSLASH='\'
AMDEP_FALSE='#'
AMDEP_TRUE=''
AMTAR='${SHELL} /home/kakazhang/source/github/Tools/audit-1.7.18/system-config-audit/admin/missing --run tar'
AR='arm-linux-gnueabihf-ar'
AUTOCONF='${SHELL} /home/kakazhang/source/github/Tools/audit-1.7.18/system-config-audit/admin/missing --run autoconf'
AUTOHEADER='${SHELL} /home/kakazhang/source/github/Tools/audit-1.7.18/system-config-audit/admin/missing --run autoheader'
AUTOMAKE='${SHELL} /home/kakazhang/source/github/Tools/audit-1.7.18/system-config-audit/admin/missing --run automake-1.10'
AWK='mawk'
CC='arm-linux-gnueabihf-gcc'
CCDEPMODE='depmode=gcc3'
CFLAGS='-g -O2  -Wall -W -Wcast-align -Wmissing-noreturn -Wnested-externs -Wpointer-arith -Wshadow -Wstrict-prototypes -Wundef -Wwrite-strings'
CPP='arm-linux-gnueabihf-gcc -E'
CPPFLAGS=''
CXX='arm-linux-gnueabihf-g++'
CXXCPP='arm-linux-gnueabihf-g++ -E'
CXXDEPMODE='depmode=gcc3'
CXXFLAGS='-g -O2'
CYGPATH_W='echo'
DATADIRNAME='share'
DEFS='-DHAVE_CONFIG_H'
DEPDIR='.deps'
ECHO='echo'
ECHO_C=''
ECHO_N='-n'
ECHO_T=''
EGREP='/bin/grep -E'
EXEEXT=''
F77='arm-linux-gnueabihf-gfortran'
FFLAGS='-g -O2'
GETTEXT_PACKAGE='system-config-audit'
GMSGFMT='/usr/bin/msgfmt'
GREP='/bin/grep'
INSTALL_DATA='${INSTALL} -m 644'
INSTALL_PROGRAM='${INSTALL}'
INSTALL_SCRIPT='${INSTALL}'
INSTALL_STRIP_PROGRAM='$(install_sh) -c -s'
INTLLIBS=''
INTLTOOL_CAVES_RULE='%.caves:     %.caves.in     $(INTLTOOL_MERGE) $(wildcard $(top_srcdir)/po/*.po) ; LC_ALL=C $(INTLTOOL_MERGE) -d -u -c $(top_builddir)/po/.intltool-merge-cache $(top_srcdir)/po $< $@'
INTLTOOL_DESKTOP_RULE='%.desktop:   %.desktop.in   $(INTLTOOL_MERGE) $(wildcard $(top_srcdir)/po/*.po) ; LC_ALL=C $(INTLTOOL_MERGE) -d -u -c $(top_builddir)/po/.intltool-merge-cache $(top_srcdir)/po $< $@'
INTLTOOL_DIRECTORY_RULE='%.directory: %.directory.in $(INTLTOOL_MERGE) $(wildcard $(top_srcdir)/po/*.po) ; LC_ALL=C $(INTLTOOL_MERGE) -d -u -c $(top_builddir)/po/.intltool-merge-cache $(top_srcdir)/po $< $@'
INTLTOOL_EXTRACT='$(top_builddir)/intltool-extract'
INTLTOOL_KBD_RULE='%.kbd:       %.kbd.in       $(INTLTOOL_MERGE) $(wildcard $(top_srcdir)/po/*.po) ; LC_ALL=C $(INTLTOOL_MERGE) -x -u -m -c $(top_builddir)/po/.intltool-merge-cache $(top_srcdir)/po $< $@'
INTLTOOL_KEYS_RULE='%.keys:      %.keys.in      $(INTLTOOL_MERGE) $(wildcard $(top_srcdir)/po/*.po) ; LC_ALL=C $(INTLTOOL_MERGE) -k -u -c $(top_builddir)/po/.intltool-merge-cache $(top_srcdir)/po $< $@'
INTLTOOL_MERGE='$(top_builddir)/intltool-merge'
INTLTOOL_OAF_RULE='%.oaf:       %.oaf.in       $(INTLTOOL_MERGE) $(wildcard $(top_srcdir)/po/*.po) ; LC_ALL=C $(INTLTOOL_MERGE) -o -p $(top_srcdir)/po $< $@'
INTLTOOL_PERL='/usr/bin/perl'
INTLTOOL_POLICY_RULE='%.policy:    %.policy.in    $(INTLTOOL_MERGE) $(wildcard $(top_srcdir)/po/*.po) ; LC_ALL=C $(INTLTOOL_MERGE) -x -u -c $(top_builddir)/po/.intltool-merge-cache $(top_srcdir)/po $< $@'
INTLTOOL_PONG_RULE='%.pong:      %.pong.in      $(INTLTOOL_MERGE) $(wildcard $(top_srcdir)/po/*.po) ; LC_ALL=C $(INTLTOOL_MERGE) -x -u -c $(top_builddir)/po/.intltool-merge-cache $(top_srcdir)/po $< $@'
INTLTOOL_PROP_RULE='%.prop:      %.prop.in      $(INTLTOOL_MERGE) $(wildcard $(top_srcdir)/po/*.po) ; LC_ALL=C $(INTLTOOL_MERGE) -d -u -c $(top_builddir)/po/.intltool-merge-cache $(top_srcdir)/po $< $@'
INTLTOOL_SCHEMAS_RULE='%.schemas:   %.schemas.in   $(INTLTOOL_MERGE) $(wildcard $(top_srcdir)/po/*.po) ; LC_ALL=C $(INTLTOOL_MERGE) -s -u -c $(top_builddir)/po/.intltool-merge-cache $(top_srcdir)/po $< $@'
INTLTOOL_SERVER_RULE='%.server:    %.server.in    $(INTLTOOL_MERGE) $(wildcard $(top_srcdir)/po/*.po) ; LC_ALL=C $(INTLTOOL_MERGE) -o -u -c $(top_builddir)/po/.intltool-merge-cache $(top_srcdir)/po $< $@'
INTLTOOL_SERVICE_RULE='%.service: %.service.in   $(INTLTOOL_MERGE) $(wildcard $(top_srcdir)/po/*.po) ; LC_ALL=C $(INTLTOOL_MERGE) -d -u -c $(top_builddir)/po/.intltool-merge-cache $(top_srcdir)/po $< $@'
INTLTOOL_SHEET_RULE='%.sheet:     %.sheet.in     $(INTLTOOL_MERGE) $(wildcard $(top_srcdir)/po/*.po) ; LC_ALL=C $(INTLTOOL_MERGE) -x -u -c $(top_builddir)/po/.intltool-merge-cache $(top_srcdir)/po $< $@'
INTLTOOL_SOUNDLIST_RULE='%.soundlist: %.soundlist.in $(INTLTOOL_MERGE) $(wildcard $(top_srcdir)/po/*.po) ; LC_ALL=C $(INTLTOOL_MERGE) -d -u -c $(top_builddir)/po/.intltool-merge-cache $(top_srcdir)/po $< $@'
INTLTOOL_THEME_RULE='%.theme:     %.theme.in     $(INTLTOOL_MERGE) $(wildcard $(top_srcdir)/po/*.po) ; LC_ALL=C $(INTLTOOL_MERGE) -d -u -c $(top_builddir)/po/.intltool-merge-cache $(top_srcdir)/po $< $@'
INTLTOOL_UI_RULE='%.ui:        %.ui.in        $(INTLTOOL_MERGE) $(wildcard $(top_srcdir)/po/*.po) ; LC_ALL=C $(INTLTOOL_MERGE) -x -u -c $(top_builddir)/po/.intltool-merge-cache $(top_srcdir)/po $< $@'
INTLTOOL_UPDATE='$(top_builddir)/intltool-update'
INTLTOOL_XAM_RULE='%.xam:       %.xml.in       $(INTLTOOL_MERGE) $(wildcard $(top_srcdir)/po/*.po) ; LC_ALL=C $(INTLTOOL_MERGE) -x -u -c $(top_builddir)/po/.intltool-merge-cache $(top_srcdir)/po $< $@'
INTLTOOL_XML_NOMERGE_RULE='%.xml:       %.xml.in       $(INTLTOOL_MERGE) ; LC_ALL=C $(INTLTOOL_MERGE) -x -u /tmp $< $@'
INTLTOOL_XML_RULE='%.xml:       %.xml.in       $(INTLTOOL_MERGE) $(wildcard $(top_srcdir)/po/*.po) ; LC_ALL=C $(INTLTOOL_MERGE) -x -u -c $(top_builddir)/po/.intltool-merge-cache $(top_srcdir)/po $< $@'
INTL_MACOSX_LIBS=''
LDFLAGS=''
LIBICONV='-liconv'
LIBINTL=''
LIBOBJS=''
LIBS=''
LIBTOOL='$(SHELL) $(top_builddir)/libtool'
LN_S='ln -s'
LTLIBICONV='-liconv'
LTLIBINTL=''
LTLIBOBJS=''
MAKEINFO='${SHELL} /home/kakazhang/source/github/Tools/audit-1.7.18/system-config-audit/admin/missing --run makeinfo'
MKDIR_P='/bin/mkdir -p'
MKINSTALLDIRS='$(top_builddir)/admin/mkinstalldirs'
MSGFMT='/usr/bin/msgfmt'
MSGMERGE='/usr/bin/msgmerge'
OBJEXT='o'
PACKAGE='system-config-audit'
PACKAGE_BUGREPORT='mitr@redhat.com'
PACKAGE_NAME='system-config-audit'
PACKAGE_STRING='system-config-audit 0.4.10'
PACKAGE_TARNAME='system-config-audit'
PACKAGE_VERSION='0.4.10'
PATH_SEPARATOR=':'
POSUB='po'
PYTHON='/usr/bin/python'
PYTHON_EXEC_PREFIX='${exec_prefix}'
PYTHON_PLATFORM='linux2'
PYTHON_PREFIX='${prefix}'
PYTHON_VERSION='2.7'
RANLIB='arm-linux-gnueabihf-ranlib'
SED='/bin/sed'
SET_MAKE=''
SHELL='/bin/bash'
STRIP='arm-linux-gnueabihf-strip'
USE_NLS='yes'
VERSION='0.4.10'
XGETTEXT='/usr/bin/xgettext'
ac_ct_CC=''
ac_ct_CXX=''
ac_ct_F77=''
am__fastdepCC_FALSE='#'
am__fastdepCC_TRUE=''
am__fastdepCXX_FALSE='#'
am__fastdepCXX_TRUE=''
am__include='include'
am__isrc=''
am__leading_dot='.'
am__quote=''
am__tar='${AMTAR} chof - "$$tardir"'
am__untar='${AMTAR} xf -'
bindir='${exec_prefix}/bin'
build='x86_64-unknown-linux-gnu'
build_alias=''
build_cpu='x86_64'
build_os='linux-gnu'
build_vendor='unknown'
datadir='${datarootdir}'
datarootdir='${prefix}/share'
docdir='${datarootdir}/doc/${PACKAGE_TARNAME}'
dvidir='${docdir}'
exec_prefix='${prefix}'
host='arm-unknown-linux-gnueabihf'
host_alias='arm-linux-gnueabihf'
host_cpu='arm'
host_os='linux-gnueabihf'
host_vendor='unknown'
htmldir='${docdir}'
includedir='${prefix}/include'
infodir='${datarootdir}/info'
install_sh='$(SHELL) /home/kakazhang/source/github/Tools/audit-1.7.18/system-config-audit/admin/install-sh'
libdir='${exec_prefix}/lib'
libexecdir='${exec_prefix}/libexec'
localedir='${datarootdir}/locale'
localstatedir='${prefix}/var'
mandir='${datarootdir}/man'
mkdir_p='/bin/mkdir -p'
oldincludedir='/usr/include'
pdfdir='${docdir}'
pkgpyexecdir='${pyexecdir}/system-config-audit'
pkgpythondir='${pythondir}/system-config-audit'
prefix='/home/kakazhang/out'
program_transform_name='s,x,x,'
psdir='${docdir}'
pyexecdir='${exec_prefix}/lib/python2.7/site-packages'
pythondir='${prefix}/lib/python2.7/site-packages'
sbindir='${exec_prefix}/sbin'
sharedstatedir='${prefix}/com'
sysconfdir='${prefix}/etc'
target_alias=''

## ----------- ##
## confdefs.h. ##
## ----------- ##

#define PACKAGE_NAME "system-config-audit"
#define PACKAGE_TARNAME "system-config-audit"
#define PACKAGE_VERSION "0.4.10"
#define PACKAGE_STRING "system-config-audit 0.4.10"
#define PACKAGE_BUGREPORT "mitr@redhat.com"
#define STDC_HEADERS 1
#define HAVE_SYS_TYPES_H 1
#define HAVE_SYS_STAT_H 1
#define HAVE_STDLIB_H 1
#define HAVE_STRING_H 1
#define HAVE_MEMORY_H 1
#define HAVE_STRINGS_H 1
#define HAVE_INTTYPES_H 1
#define HAVE_STDINT_H 1
#define HAVE_UNISTD_H 1
#define HAVE_DLFCN_H 1
#define ENABLE_NLS 1
#define HAVE_GETTEXT 1
#define HAVE_DCGETTEXT 1
#define _FILE_OFFSET_BITS 64

configure: exit 0
