This file contains any messages produced by compilers while
running configure, to aid debugging if configure makes a mistake.

It was created by audit configure 1.7.18, which was
generated by GNU Autoconf 2.63.  Invocation command line was

  $ ./configure CC=arm-linux-gnueabihf-gcc --host=arm-linux-gnueabihf --prefix=/home/kakazhang/out/

## --------- ##
## Platform. ##
## --------- ##

hostname = kakazhang
uname -m = x86_64
uname -r = 4.15.0-129-generic
uname -s = Linux
uname -v = #132~16.04.1-Ubuntu SMP Wed Dec 16 06:46:04 UTC 2020

/usr/bin/uname -p = unknown
/bin/uname -X     = unknown

/bin/arch              = unknown
/usr/bin/arch -k       = unknown
/usr/convex/getsysinfo = unknown
/usr/bin/hostinfo      = unknown
/bin/machine           = unknown
/usr/bin/oslevel       = unknown
/bin/universe          = unknown

PATH: /home/kakazhang/bin
PATH: /home/kakazhang/.local/bin
PATH: /usr/local/sbin
PATH: /usr/local/bin
PATH: /usr/sbin
PATH: /usr/bin
PATH: /sbin
PATH: /bin
PATH: /usr/games
PATH: /usr/local/games
PATH: /snap/bin
PATH: /home/kakazhang/bin
PATH: /home/kakazhang/Tools/android-studio/bin
PATH: /home/kakazhang/Android/Sdk/tools/bin
PATH: /home/kakazhang/Android/Sdk/platform-tools
PATH: /home/kakazhang/Android/Sdk/platform-tools/systrace
PATH: /home/kakazhang/source/github/FlameGraph
PATH: /home/kakazhang/Tools/toolchain/toolchain/gcc-linaro-4.9.4-2017.01-x86_64_arm-linux-gnueabihf/bin


## ----------- ##
## Core tests. ##
## ----------- ##

configure:2119: checking build system type
configure:2137: result: x86_64-unknown-linux-gnu
configure:2159: checking host system type
configure:2174: result: arm-unknown-linux-gnueabihf
configure:2196: checking target system type
configure:2211: result: arm-unknown-linux-gnueabihf
configure:2255: checking for a BSD-compatible install
configure:2323: result: /usr/bin/install -c
configure:2334: checking whether build environment is sane
configure:2377: result: yes
configure:2402: checking for a thread-safe mkdir -p
configure:2441: result: /bin/mkdir -p
configure:2454: checking for gawk
configure:2484: result: no
configure:2454: checking for mawk
configure:2470: found /usr/bin/mawk
configure:2481: result: mawk
configure:2492: checking whether make sets $(MAKE)
configure:2514: result: yes
configure:2594: checking for arm-linux-gnueabihf-strip
configure:2610: found /home/kakazhang/Tools/toolchain/toolchain/gcc-linaro-4.9.4-2017.01-x86_64_arm-linux-gnueabihf/bin/arm-linux-gnueabihf-strip
configure:2621: result: arm-linux-gnueabihf-strip
configure:2782: checking for style of include used by make
configure:2810: result: GNU
configure:2840: checking for arm-linux-gnueabihf-gcc
configure:2867: result: arm-linux-gnueabihf-gcc
configure:3139: checking for C compiler version
configure:3147: arm-linux-gnueabihf-gcc --version >&5
arm-linux-gnueabihf-gcc (Linaro GCC 4.9-2017.01) 4.9.4
Copyright (C) 2015 Free Software Foundation, Inc.
This is free software; see the source for copying conditions.  There is NO
warranty; not even for MERCHANTABILITY or FITNESS FOR A PARTICULAR PURPOSE.

configure:3151: $? = 0
configure:3158: arm-linux-gnueabihf-gcc -v >&5
Using built-in specs.
COLLECT_GCC=arm-linux-gnueabihf-gcc
COLLECT_LTO_WRAPPER=/home/kakazhang/Tools/toolchain/toolchain/gcc-linaro-4.9.4-2017.01-x86_64_arm-linux-gnueabihf/bin/../libexec/gcc/arm-linux-gnueabihf/4.9.4/lto-wrapper
Target: arm-linux-gnueabihf
Configured with: /home/tcwg-buildslave/workspace/tcwg-make-release/label/docker-trusty-amd64-tcwg-build/target/arm-linux-gnueabihf/snapshots/gcc-linaro-4.9-2017.01/configure SHELL=/bin/bash --with-mpc=/home/tcwg-buildslave/workspace/tcwg-make-release/label/docker-trusty-amd64-tcwg-build/target/arm-linux-gnueabihf/_build/builds/destdir/x86_64-unknown-linux-gnu --with-mpfr=/home/tcwg-buildslave/workspace/tcwg-make-release/label/docker-trusty-amd64-tcwg-build/target/arm-linux-gnueabihf/_build/builds/destdir/x86_64-unknown-linux-gnu --with-gmp=/home/tcwg-buildslave/workspace/tcwg-make-release/label/docker-trusty-amd64-tcwg-build/target/arm-linux-gnueabihf/_build/builds/destdir/x86_64-unknown-linux-gnu --with-gnu-as --with-gnu-ld --disable-libmudflap --enable-lto --enable-objc-gc --enable-shared --without-included-gettext --enable-nls --disable-sjlj-exceptions --enable-gnu-unique-object --enable-linker-build-id --disable-libstdcxx-pch --enable-c99 --enable-clocale=gnu --enable-libstdcxx-debug --enable-long-long --with-cloog=no --with-ppl=no --with-isl=no --disable-multilib --with-float=hard --with-mode=thumb --with-tune=cortex-a9 --with-arch=armv7-a --with-fpu=vfpv3-d16 --enable-threads=posix --enable-multiarch --enable-libstdcxx-time=yes --with-build-sysroot=/home/tcwg-buildslave/workspace/tcwg-make-release/label/docker-trusty-amd64-tcwg-build/target/arm-linux-gnueabihf/_build/sysroots/arm-linux-gnueabihf --with-sysroot=/home/tcwg-buildslave/workspace/tcwg-make-release/label/docker-trusty-amd64-tcwg-build/target/arm-linux-gnueabihf/_build/builds/destdir/x86_64-unknown-linux-gnu/arm-linux-gnueabihf/libc --enable-checking=release --disable-bootstrap --enable-languages=c,c++,fortran,lto --build=x86_64-unknown-linux-gnu --host=x86_64-unknown-linux-gnu --target=arm-linux-gnueabihf --prefix=/home/tcwg-buildslave/workspace/tcwg-make-release/label/docker-trusty-amd64-tcwg-build/target/arm-linux-gnueabihf/_build/builds/destdir/x86_64-unknown-linux-gnu
Thread model: posix
gcc version 4.9.4 (Linaro GCC 4.9-2017.01) 
configure:3162: $? = 0
configure:3169: arm-linux-gnueabihf-gcc -V >&5
arm-linux-gnueabihf-gcc: error: unrecognized command line option '-V'
arm-linux-gnueabihf-gcc: fatal error: no input files
compilation terminated.
configure:3173: $? = 1
configure:3196: checking for C compiler default output file name
configure:3218: arm-linux-gnueabihf-gcc    conftest.c  >&5
configure:3222: $? = 0
configure:3260: result: a.out
configure:3279: checking whether the C compiler works
configure:3289: ./a.out
./configure: line 3291: ./a.out: cannot execute binary file: Exec format error
configure:3293: $? = 126
configure:3312: result: yes
configure:3319: checking whether we are cross compiling
configure:3321: result: yes
configure:3324: checking for suffix of executables
configure:3331: arm-linux-gnueabihf-gcc -o conftest    conftest.c  >&5
configure:3335: $? = 0
configure:3361: result: 
configure:3367: checking for suffix of object files
configure:3393: arm-linux-gnueabihf-gcc -c   conftest.c >&5
configure:3397: $? = 0
configure:3422: result: o
configure:3426: checking whether we are using the GNU C compiler
configure:3455: arm-linux-gnueabihf-gcc -c   conftest.c >&5
configure:3462: $? = 0
configure:3479: result: yes
configure:3488: checking whether arm-linux-gnueabihf-gcc accepts -g
configure:3518: arm-linux-gnueabihf-gcc -c -g  conftest.c >&5
configure:3525: $? = 0
configure:3626: result: yes
configure:3643: checking for arm-linux-gnueabihf-gcc option to accept ISO C89
configure:3717: arm-linux-gnueabihf-gcc  -c -g -O2  conftest.c >&5
configure:3724: $? = 0
configure:3747: result: none needed
configure:3767: checking dependency style of arm-linux-gnueabihf-gcc
configure:3858: result: gcc3
configure:3873: checking for a sed that does not truncate output
configure:3929: result: /bin/sed
configure:3932: checking for grep that handles long lines and -e
configure:3992: result: /bin/grep
configure:3997: checking for egrep
configure:4061: result: /bin/grep -E
configure:4077: checking for ld used by arm-linux-gnueabihf-gcc
configure:4144: result: /home/kakazhang/Tools/toolchain/toolchain/gcc-linaro-4.9.4-2017.01-x86_64_arm-linux-gnueabihf/arm-linux-gnueabihf/bin/ld
configure:4153: checking if the linker (/home/kakazhang/Tools/toolchain/toolchain/gcc-linaro-4.9.4-2017.01-x86_64_arm-linux-gnueabihf/arm-linux-gnueabihf/bin/ld) is GNU ld
configure:4168: result: yes
configure:4173: checking for /home/kakazhang/Tools/toolchain/toolchain/gcc-linaro-4.9.4-2017.01-x86_64_arm-linux-gnueabihf/arm-linux-gnueabihf/bin/ld option to reload object files
configure:4180: result: -r
configure:4198: checking for BSD-compatible nm
configure:4247: result: /home/kakazhang/Tools/toolchain/toolchain/gcc-linaro-4.9.4-2017.01-x86_64_arm-linux-gnueabihf/bin/arm-linux-gnueabihf-nm -B
configure:4251: checking whether ln -s works
configure:4255: result: yes
configure:4262: checking how to recognize dependent libraries
configure:4448: result: pass_all
configure:4694: checking how to run the C preprocessor
configure:4734: arm-linux-gnueabihf-gcc -E  conftest.c
configure:4741: $? = 0
configure:4772: arm-linux-gnueabihf-gcc -E  conftest.c
conftest.c:10:28: fatal error: ac_nonexistent.h: No such file or directory
 #include <ac_nonexistent.h>
                            ^
compilation terminated.
configure:4779: $? = 1
configure: failed program was:
| /* confdefs.h.  */
| #define PACKAGE_NAME "audit"
| #define PACKAGE_TARNAME "audit"
| #define PACKAGE_VERSION "1.7.18"
| #define PACKAGE_STRING "audit 1.7.18"
| #define PACKAGE_BUGREPORT ""
| #define PACKAGE "audit"
| #define VERSION "1.7.18"
| /* end confdefs.h.  */
| #include <ac_nonexistent.h>
configure:4812: result: arm-linux-gnueabihf-gcc -E
configure:4841: arm-linux-gnueabihf-gcc -E  conftest.c
configure:4848: $? = 0
configure:4879: arm-linux-gnueabihf-gcc -E  conftest.c
conftest.c:10:28: fatal error: ac_nonexistent.h: No such file or directory
 #include <ac_nonexistent.h>
                            ^
compilation terminated.
configure:4886: $? = 1
configure: failed program was:
| /* confdefs.h.  */
| #define PACKAGE_NAME "audit"
| #define PACKAGE_TARNAME "audit"
| #define PACKAGE_VERSION "1.7.18"
| #define PACKAGE_STRING "audit 1.7.18"
| #define PACKAGE_BUGREPORT ""
| #define PACKAGE "audit"
| #define VERSION "1.7.18"
| /* end confdefs.h.  */
| #include <ac_nonexistent.h>
configure:4926: checking for ANSI C header files
configure:4956: arm-linux-gnueabihf-gcc -c -g -O2  conftest.c >&5
configure:4963: $? = 0
configure:5094: result: yes
configure:5118: checking for sys/types.h
configure:5139: arm-linux-gnueabihf-gcc -c -g -O2  conftest.c >&5
configure:5146: $? = 0
configure:5163: result: yes
configure:5118: checking for sys/stat.h
configure:5139: arm-linux-gnueabihf-gcc -c -g -O2  conftest.c >&5
configure:5146: $? = 0
configure:5163: result: yes
configure:5118: checking for stdlib.h
configure:5139: arm-linux-gnueabihf-gcc -c -g -O2  conftest.c >&5
configure:5146: $? = 0
configure:5163: result: yes
configure:5118: checking for string.h
configure:5139: arm-linux-gnueabihf-gcc -c -g -O2  conftest.c >&5
configure:5146: $? = 0
configure:5163: result: yes
configure:5118: checking for memory.h
configure:5139: arm-linux-gnueabihf-gcc -c -g -O2  conftest.c >&5
configure:5146: $? = 0
configure:5163: result: yes
configure:5118: checking for strings.h
configure:5139: arm-linux-gnueabihf-gcc -c -g -O2  conftest.c >&5
configure:5146: $? = 0
configure:5163: result: yes
configure:5118: checking for inttypes.h
configure:5139: arm-linux-gnueabihf-gcc -c -g -O2  conftest.c >&5
configure:5146: $? = 0
configure:5163: result: yes
configure:5118: checking for stdint.h
configure:5139: arm-linux-gnueabihf-gcc -c -g -O2  conftest.c >&5
configure:5146: $? = 0
configure:5163: result: yes
configure:5118: checking for unistd.h
configure:5139: arm-linux-gnueabihf-gcc -c -g -O2  conftest.c >&5
configure:5146: $? = 0
configure:5163: result: yes
configure:5193: checking dlfcn.h usability
configure:5210: arm-linux-gnueabihf-gcc -c -g -O2  conftest.c >&5
configure:5217: $? = 0
configure:5231: result: yes
configure:5235: checking dlfcn.h presence
configure:5250: arm-linux-gnueabihf-gcc -E  conftest.c
configure:5257: $? = 0
configure:5271: result: yes
configure:5299: checking for dlfcn.h
configure:5308: result: yes
configure:5337: checking for arm-linux-gnueabihf-g++
configure:5353: found /home/kakazhang/Tools/toolchain/toolchain/gcc-linaro-4.9.4-2017.01-x86_64_arm-linux-gnueabihf/bin/arm-linux-gnueabihf-g++
configure:5364: result: arm-linux-gnueabihf-g++
configure:5435: checking for C++ compiler version
configure:5443: arm-linux-gnueabihf-g++ --version >&5
arm-linux-gnueabihf-g++ (Linaro GCC 4.9-2017.01) 4.9.4
Copyright (C) 2015 Free Software Foundation, Inc.
This is free software; see the source for copying conditions.  There is NO
warranty; not even for MERCHANTABILITY or FITNESS FOR A PARTICULAR PURPOSE.

configure:5447: $? = 0
configure:5454: arm-linux-gnueabihf-g++ -v >&5
Using built-in specs.
COLLECT_GCC=arm-linux-gnueabihf-g++
COLLECT_LTO_WRAPPER=/home/kakazhang/Tools/toolchain/toolchain/gcc-linaro-4.9.4-2017.01-x86_64_arm-linux-gnueabihf/bin/../libexec/gcc/arm-linux-gnueabihf/4.9.4/lto-wrapper
Target: arm-linux-gnueabihf
Configured with: /home/tcwg-buildslave/workspace/tcwg-make-release/label/docker-trusty-amd64-tcwg-build/target/arm-linux-gnueabihf/snapshots/gcc-linaro-4.9-2017.01/configure SHELL=/bin/bash --with-mpc=/home/tcwg-buildslave/workspace/tcwg-make-release/label/docker-trusty-amd64-tcwg-build/target/arm-linux-gnueabihf/_build/builds/destdir/x86_64-unknown-linux-gnu --with-mpfr=/home/tcwg-buildslave/workspace/tcwg-make-release/label/docker-trusty-amd64-tcwg-build/target/arm-linux-gnueabihf/_build/builds/destdir/x86_64-unknown-linux-gnu --with-gmp=/home/tcwg-buildslave/workspace/tcwg-make-release/label/docker-trusty-amd64-tcwg-build/target/arm-linux-gnueabihf/_build/builds/destdir/x86_64-unknown-linux-gnu --with-gnu-as --with-gnu-ld --disable-libmudflap --enable-lto --enable-objc-gc --enable-shared --without-included-gettext --enable-nls --disable-sjlj-exceptions --enable-gnu-unique-object --enable-linker-build-id --disable-libstdcxx-pch --enable-c99 --enable-clocale=gnu --enable-libstdcxx-debug --enable-long-long --with-cloog=no --with-ppl=no --with-isl=no --disable-multilib --with-float=hard --with-mode=thumb --with-tune=cortex-a9 --with-arch=armv7-a --with-fpu=vfpv3-d16 --enable-threads=posix --enable-multiarch --enable-libstdcxx-time=yes --with-build-sysroot=/home/tcwg-buildslave/workspace/tcwg-make-release/label/docker-trusty-amd64-tcwg-build/target/arm-linux-gnueabihf/_build/sysroots/arm-linux-gnueabihf --with-sysroot=/home/tcwg-buildslave/workspace/tcwg-make-release/label/docker-trusty-amd64-tcwg-build/target/arm-linux-gnueabihf/_build/builds/destdir/x86_64-unknown-linux-gnu/arm-linux-gnueabihf/libc --enable-checking=release --disable-bootstrap --enable-languages=c,c++,fortran,lto --build=x86_64-unknown-linux-gnu --host=x86_64-unknown-linux-gnu --target=arm-linux-gnueabihf --prefix=/home/tcwg-buildslave/workspace/tcwg-make-release/label/docker-trusty-amd64-tcwg-build/target/arm-linux-gnueabihf/_build/builds/destdir/x86_64-unknown-linux-gnu
Thread model: posix
gcc version 4.9.4 (Linaro GCC 4.9-2017.01) 
configure:5458: $? = 0
configure:5465: arm-linux-gnueabihf-g++ -V >&5
arm-linux-gnueabihf-g++: error: unrecognized command line option '-V'
arm-linux-gnueabihf-g++: fatal error: no input files
compilation terminated.
configure:5469: $? = 1
configure:5472: checking whether we are using the GNU C++ compiler
configure:5501: arm-linux-gnueabihf-g++ -c   conftest.cpp >&5
configure:5508: $? = 0
configure:5525: result: yes
configure:5534: checking whether arm-linux-gnueabihf-g++ accepts -g
configure:5564: arm-linux-gnueabihf-g++ -c -g  conftest.cpp >&5
configure:5571: $? = 0
configure:5672: result: yes
configure:5697: checking dependency style of arm-linux-gnueabihf-g++
configure:5788: result: gcc3
configure:5813: checking how to run the C++ preprocessor
configure:5849: arm-linux-gnueabihf-g++ -E  conftest.cpp
configure:5856: $? = 0
configure:5887: arm-linux-gnueabihf-g++ -E  conftest.cpp
conftest.cpp:21:28: fatal error: ac_nonexistent.h: No such file or directory
 #include <ac_nonexistent.h>
                            ^
compilation terminated.
configure:5894: $? = 1
configure: failed program was:
| /* confdefs.h.  */
| #define PACKAGE_NAME "audit"
| #define PACKAGE_TARNAME "audit"
| #define PACKAGE_VERSION "1.7.18"
| #define PACKAGE_STRING "audit 1.7.18"
| #define PACKAGE_BUGREPORT ""
| #define PACKAGE "audit"
| #define VERSION "1.7.18"
| #define STDC_HEADERS 1
| #define HAVE_SYS_TYPES_H 1
| #define HAVE_SYS_STAT_H 1
| #define HAVE_STDLIB_H 1
| #define HAVE_STRING_H 1
| #define HAVE_MEMORY_H 1
| #define HAVE_STRINGS_H 1
| #define HAVE_INTTYPES_H 1
| #define HAVE_STDINT_H 1
| #define HAVE_UNISTD_H 1
| #define HAVE_DLFCN_H 1
| /* end confdefs.h.  */
| #include <ac_nonexistent.h>
configure:5927: result: arm-linux-gnueabihf-g++ -E
configure:5956: arm-linux-gnueabihf-g++ -E  conftest.cpp
configure:5963: $? = 0
configure:5994: arm-linux-gnueabihf-g++ -E  conftest.cpp
conftest.cpp:21:28: fatal error: ac_nonexistent.h: No such file or directory
 #include <ac_nonexistent.h>
                            ^
compilation terminated.
configure:6001: $? = 1
configure: failed program was:
| /* confdefs.h.  */
| #define PACKAGE_NAME "audit"
| #define PACKAGE_TARNAME "audit"
| #define PACKAGE_VERSION "1.7.18"
| #define PACKAGE_STRING "audit 1.7.18"
| #define PACKAGE_BUGREPORT ""
| #define PACKAGE "audit"
| #define VERSION "1.7.18"
| #define STDC_HEADERS 1
| #define HAVE_SYS_TYPES_H 1
| #define HAVE_SYS_STAT_H 1
| #define HAVE_STDLIB_H 1
| #define HAVE_STRING_H 1
| #define HAVE_MEMORY_H 1
| #define HAVE_STRINGS_H 1
| #define HAVE_INTTYPES_H 1
| #define HAVE_STDINT_H 1
| #define HAVE_UNISTD_H 1
| #define HAVE_DLFCN_H 1
| /* end confdefs.h.  */
| #include <ac_nonexistent.h>
configure:6052: checking for arm-linux-gnueabihf-g77
configure:6082: result: no
configure:6052: checking for arm-linux-gnueabihf-xlf
configure:6082: result: no
configure:6052: checking for arm-linux-gnueabihf-f77
configure:6082: result: no
configure:6052: checking for arm-linux-gnueabihf-frt
configure:6082: result: no
configure:6052: checking for arm-linux-gnueabihf-pgf77
configure:6082: result: no
configure:6052: checking for arm-linux-gnueabihf-cf77
configure:6082: result: no
configure:6052: checking for arm-linux-gnueabihf-fort77
configure:6082: result: no
configure:6052: checking for arm-linux-gnueabihf-fl32
configure:6082: result: no
configure:6052: checking for arm-linux-gnueabihf-af77
configure:6082: result: no
configure:6052: checking for arm-linux-gnueabihf-xlf90
configure:6082: result: no
configure:6052: checking for arm-linux-gnueabihf-f90
configure:6082: result: no
configure:6052: checking for arm-linux-gnueabihf-pgf90
configure:6082: result: no
configure:6052: checking for arm-linux-gnueabihf-pghpf
configure:6082: result: no
configure:6052: checking for arm-linux-gnueabihf-epcf90
configure:6082: result: no
configure:6052: checking for arm-linux-gnueabihf-gfortran
configure:6068: found /home/kakazhang/Tools/toolchain/toolchain/gcc-linaro-4.9.4-2017.01-x86_64_arm-linux-gnueabihf/bin/arm-linux-gnueabihf-gfortran
configure:6079: result: arm-linux-gnueabihf-gfortran
configure:6149: checking for Fortran 77 compiler version
configure:6157: arm-linux-gnueabihf-gfortran --version >&5
GNU Fortran (Linaro GCC 4.9-2017.01) 4.9.4
Copyright (C) 2015 Free Software Foundation, Inc.

GNU Fortran comes with NO WARRANTY, to the extent permitted by law.
You may redistribute copies of GNU Fortran
under the terms of the GNU General Public License.
For more information about these matters, see the file named COPYING

configure:6161: $? = 0
configure:6168: arm-linux-gnueabihf-gfortran -v >&5
Using built-in specs.
COLLECT_GCC=arm-linux-gnueabihf-gfortran
COLLECT_LTO_WRAPPER=/home/kakazhang/Tools/toolchain/toolchain/gcc-linaro-4.9.4-2017.01-x86_64_arm-linux-gnueabihf/bin/../libexec/gcc/arm-linux-gnueabihf/4.9.4/lto-wrapper
Target: arm-linux-gnueabihf
Configured with: /home/tcwg-buildslave/workspace/tcwg-make-release/label/docker-trusty-amd64-tcwg-build/target/arm-linux-gnueabihf/snapshots/gcc-linaro-4.9-2017.01/configure SHELL=/bin/bash --with-mpc=/home/tcwg-buildslave/workspace/tcwg-make-release/label/docker-trusty-amd64-tcwg-build/target/arm-linux-gnueabihf/_build/builds/destdir/x86_64-unknown-linux-gnu --with-mpfr=/home/tcwg-buildslave/workspace/tcwg-make-release/label/docker-trusty-amd64-tcwg-build/target/arm-linux-gnueabihf/_build/builds/destdir/x86_64-unknown-linux-gnu --with-gmp=/home/tcwg-buildslave/workspace/tcwg-make-release/label/docker-trusty-amd64-tcwg-build/target/arm-linux-gnueabihf/_build/builds/destdir/x86_64-unknown-linux-gnu --with-gnu-as --with-gnu-ld --disable-libmudflap --enable-lto --enable-objc-gc --enable-shared --without-included-gettext --enable-nls --disable-sjlj-exceptions --enable-gnu-unique-object --enable-linker-build-id --disable-libstdcxx-pch --enable-c99 --enable-clocale=gnu --enable-libstdcxx-debug --enable-long-long --with-cloog=no --with-ppl=no --with-isl=no --disable-multilib --with-float=hard --with-mode=thumb --with-tune=cortex-a9 --with-arch=armv7-a --with-fpu=vfpv3-d16 --enable-threads=posix --enable-multiarch --enable-libstdcxx-time=yes --with-build-sysroot=/home/tcwg-buildslave/workspace/tcwg-make-release/label/docker-trusty-amd64-tcwg-build/target/arm-linux-gnueabihf/_build/sysroots/arm-linux-gnueabihf --with-sysroot=/home/tcwg-buildslave/workspace/tcwg-make-release/label/docker-trusty-amd64-tcwg-build/target/arm-linux-gnueabihf/_build/builds/destdir/x86_64-unknown-linux-gnu/arm-linux-gnueabihf/libc --enable-checking=release --disable-bootstrap --enable-languages=c,c++,fortran,lto --build=x86_64-unknown-linux-gnu --host=x86_64-unknown-linux-gnu --target=arm-linux-gnueabihf --prefix=/home/tcwg-buildslave/workspace/tcwg-make-release/label/docker-trusty-amd64-tcwg-build/target/arm-linux-gnueabihf/_build/builds/destdir/x86_64-unknown-linux-gnu
Thread model: posix
gcc version 4.9.4 (Linaro GCC 4.9-2017.01) 
configure:6172: $? = 0
configure:6179: arm-linux-gnueabihf-gfortran -V >&5
arm-linux-gnueabihf-gfortran: error: unrecognized command line option '-V'
arm-linux-gnueabihf-gfortran: fatal error: no input files
compilation terminated.
configure:6183: $? = 1
configure:6191: checking whether we are using the GNU Fortran 77 compiler
configure:6210: arm-linux-gnueabihf-gfortran -c  conftest.F >&5
configure:6217: $? = 0
configure:6234: result: yes
configure:6240: checking whether arm-linux-gnueabihf-gfortran accepts -g
configure:6257: arm-linux-gnueabihf-gfortran -c -g conftest.f >&5
configure:6264: $? = 0
configure:6280: result: yes
configure:6314: checking the maximum length of command line arguments
configure:6426: result: 1572864
configure:6438: checking command to parse /home/kakazhang/Tools/toolchain/toolchain/gcc-linaro-4.9.4-2017.01-x86_64_arm-linux-gnueabihf/bin/arm-linux-gnueabihf-nm -B output from arm-linux-gnueabihf-gcc object
configure:6543: arm-linux-gnueabihf-gcc -c -g -O2  conftest.c >&5
configure:6546: $? = 0
configure:6550: /home/kakazhang/Tools/toolchain/toolchain/gcc-linaro-4.9.4-2017.01-x86_64_arm-linux-gnueabihf/bin/arm-linux-gnueabihf-nm -B conftest.o \| sed -n -e 's/^.*[ 	]\([ABCDGIRSTW][ABCDGIRSTW]*\)[ 	][ 	]*\([_A-Za-z][_A-Za-z0-9]*\)$/\1 \2 \2/p' \> conftest.nm
configure:6553: $? = 0
configure:6605: arm-linux-gnueabihf-gcc -o conftest -g -O2   conftest.c conftstm.o >&5
configure:6608: $? = 0
configure:6646: result: ok
configure:6650: checking for objdir
configure:6665: result: .libs
configure:6717: checking for arm-linux-gnueabihf-ar
configure:6733: found /home/kakazhang/Tools/toolchain/toolchain/gcc-linaro-4.9.4-2017.01-x86_64_arm-linux-gnueabihf/bin/arm-linux-gnueabihf-ar
configure:6744: result: arm-linux-gnueabihf-ar
configure:6809: checking for arm-linux-gnueabihf-ranlib
configure:6825: found /home/kakazhang/Tools/toolchain/toolchain/gcc-linaro-4.9.4-2017.01-x86_64_arm-linux-gnueabihf/bin/arm-linux-gnueabihf-ranlib
configure:6836: result: arm-linux-gnueabihf-ranlib
configure:6901: checking for arm-linux-gnueabihf-strip
configure:6928: result: arm-linux-gnueabihf-strip
configure:7250: checking if arm-linux-gnueabihf-gcc supports -fno-rtti -fno-exceptions
configure:7268: arm-linux-gnueabihf-gcc -c -g -O2  -fno-rtti -fno-exceptions conftest.c >&5
cc1: warning: command line option '-fno-rtti' is valid for C++/ObjC++ but not for C
configure:7272: $? = 0
configure:7285: result: no
configure:7300: checking for arm-linux-gnueabihf-gcc option to produce PIC
configure:7532: result: -fPIC
configure:7540: checking if arm-linux-gnueabihf-gcc PIC flag -fPIC works
configure:7558: arm-linux-gnueabihf-gcc -c -g -O2  -fPIC -DPIC conftest.c >&5
configure:7562: $? = 0
configure:7575: result: yes
configure:7603: checking if arm-linux-gnueabihf-gcc static flag -static works
configure:7631: result: yes
configure:7641: checking if arm-linux-gnueabihf-gcc supports -c -o file.o
configure:7662: arm-linux-gnueabihf-gcc -c -g -O2  -o out/conftest2.o conftest.c >&5
configure:7666: $? = 0
configure:7688: result: yes
configure:7714: checking whether the arm-linux-gnueabihf-gcc linker (/home/kakazhang/Tools/toolchain/toolchain/gcc-linaro-4.9.4-2017.01-x86_64_arm-linux-gnueabihf/arm-linux-gnueabihf/bin/ld) supports shared libraries
configure:8702: result: yes
configure:8723: checking whether -lc should be explicitly linked in
configure:8728: arm-linux-gnueabihf-gcc -c -g -O2  conftest.c >&5
configure:8731: $? = 0
configure:8746: arm-linux-gnueabihf-gcc -shared conftest.o  -v -Wl,-soname -Wl,conftest -o conftest 2\>\&1 \| grep  -lc  \>/dev/null 2\>\&1
configure:8749: $? = 0
configure:8761: result: no
configure:8769: checking dynamic linker characteristics
configure:9373: result: GNU/Linux ld.so
configure:9382: checking how to hardcode library paths into programs
configure:9407: result: immediate
configure:9421: checking whether stripping libraries is possible
configure:9426: result: yes
configure:10256: checking if libtool supports shared libraries
configure:10258: result: yes
configure:10261: checking whether to build shared libraries
configure:10282: result: yes
configure:10285: checking whether to build static libraries
configure:10289: result: yes
configure:10382: creating libtool
configure:10970: checking for ld used by arm-linux-gnueabihf-g++
configure:11037: result: /home/kakazhang/Tools/toolchain/toolchain/gcc-linaro-4.9.4-2017.01-x86_64_arm-linux-gnueabihf/arm-linux-gnueabihf/bin/ld
configure:11046: checking if the linker (/home/kakazhang/Tools/toolchain/toolchain/gcc-linaro-4.9.4-2017.01-x86_64_arm-linux-gnueabihf/arm-linux-gnueabihf/bin/ld) is GNU ld
configure:11061: result: yes
configure:11112: checking whether the arm-linux-gnueabihf-g++ linker (/home/kakazhang/Tools/toolchain/toolchain/gcc-linaro-4.9.4-2017.01-x86_64_arm-linux-gnueabihf/arm-linux-gnueabihf/bin/ld) supports shared libraries
configure:12094: result: yes
configure:12112: arm-linux-gnueabihf-g++ -c -g -O2  conftest.cpp >&5
configure:12115: $? = 0
configure:12267: checking for arm-linux-gnueabihf-g++ option to produce PIC
configure:12551: result: -fPIC
configure:12559: checking if arm-linux-gnueabihf-g++ PIC flag -fPIC works
configure:12577: arm-linux-gnueabihf-g++ -c -g -O2  -fPIC -DPIC conftest.cpp >&5
configure:12581: $? = 0
configure:12594: result: yes
configure:12622: checking if arm-linux-gnueabihf-g++ static flag -static works
configure:12650: result: yes
configure:12660: checking if arm-linux-gnueabihf-g++ supports -c -o file.o
configure:12681: arm-linux-gnueabihf-g++ -c -g -O2  -o out/conftest2.o conftest.cpp >&5
configure:12685: $? = 0
configure:12707: result: yes
configure:12733: checking whether the arm-linux-gnueabihf-g++ linker (/home/kakazhang/Tools/toolchain/toolchain/gcc-linaro-4.9.4-2017.01-x86_64_arm-linux-gnueabihf/arm-linux-gnueabihf/bin/ld) supports shared libraries
configure:12758: result: yes
configure:12825: checking dynamic linker characteristics
configure:13377: result: GNU/Linux ld.so
configure:13386: checking how to hardcode library paths into programs
configure:13411: result: immediate
configure:13945: checking if libtool supports shared libraries
configure:13947: result: yes
configure:13950: checking whether to build shared libraries
configure:13970: result: yes
configure:13973: checking whether to build static libraries
configure:13977: result: yes
configure:13987: checking for arm-linux-gnueabihf-gfortran option to produce PIC
configure:14219: result: -fPIC
configure:14227: checking if arm-linux-gnueabihf-gfortran PIC flag -fPIC works
configure:14245: arm-linux-gnueabihf-gfortran -c -g -O2 -fPIC conftest.f >&5
configure:14249: $? = 0
configure:14262: result: yes
configure:14290: checking if arm-linux-gnueabihf-gfortran static flag -static works
configure:14318: result: yes
configure:14328: checking if arm-linux-gnueabihf-gfortran supports -c -o file.o
configure:14349: arm-linux-gnueabihf-gfortran -c -g -O2 -o out/conftest2.o conftest.f >&5
configure:14353: $? = 0
configure:14375: result: yes
configure:14401: checking whether the arm-linux-gnueabihf-gfortran linker (/home/kakazhang/Tools/toolchain/toolchain/gcc-linaro-4.9.4-2017.01-x86_64_arm-linux-gnueabihf/arm-linux-gnueabihf/bin/ld) supports shared libraries
configure:15369: result: yes
configure:15436: checking dynamic linker characteristics
configure:15988: result: GNU/Linux ld.so
configure:15997: checking how to hardcode library paths into programs
configure:16022: result: immediate
configure:19613: checking for python
configure:19631: found /usr/bin/python
configure:19643: result: /usr/bin/python
configure:19666: checking for python version
configure:19673: result: 2.7
configure:19685: checking for python platform
configure:19692: result: linux2
configure:19699: checking for python script directory
configure:19707: result: ${prefix}/lib/python2.7/site-packages
configure:19716: checking for python extension module directory
configure:19724: result: ${exec_prefix}/lib/python2.7/site-packages
configure:19762: checking sys/inotify.h usability
configure:19779: arm-linux-gnueabihf-gcc -c -g -O2  conftest.c >&5
configure:19786: $? = 0
configure:19800: result: yes
configure:19804: checking sys/inotify.h presence
configure:19819: arm-linux-gnueabihf-gcc -E  conftest.c
configure:19826: $? = 0
configure:19840: result: yes
configure:19868: checking for sys/inotify.h
configure:19877: result: yes
configure:19762: checking sys/epoll.h usability
configure:19779: arm-linux-gnueabihf-gcc -c -g -O2  conftest.c >&5
configure:19786: $? = 0
configure:19800: result: yes
configure:19804: checking sys/epoll.h presence
configure:19819: arm-linux-gnueabihf-gcc -E  conftest.c
configure:19826: $? = 0
configure:19840: result: yes
configure:19868: checking for sys/epoll.h
configure:19877: result: yes
configure:19762: checking sys/event.h usability
configure:19779: arm-linux-gnueabihf-gcc -c -g -O2  conftest.c >&5
conftest.c:56:23: fatal error: sys/event.h: No such file or directory
 #include <sys/event.h>
                       ^
compilation terminated.
configure:19786: $? = 1
configure: failed program was:
| /* confdefs.h.  */
| #define PACKAGE_NAME "audit"
| #define PACKAGE_TARNAME "audit"
| #define PACKAGE_VERSION "1.7.18"
| #define PACKAGE_STRING "audit 1.7.18"
| #define PACKAGE_BUGREPORT ""
| #define PACKAGE "audit"
| #define VERSION "1.7.18"
| #define STDC_HEADERS 1
| #define HAVE_SYS_TYPES_H 1
| #define HAVE_SYS_STAT_H 1
| #define HAVE_STDLIB_H 1
| #define HAVE_STRING_H 1
| #define HAVE_MEMORY_H 1
| #define HAVE_STRINGS_H 1
| #define HAVE_INTTYPES_H 1
| #define HAVE_STDINT_H 1
| #define HAVE_UNISTD_H 1
| #define HAVE_DLFCN_H 1
| #define HAVE_SYS_INOTIFY_H 1
| #define HAVE_SYS_EPOLL_H 1
| /* end confdefs.h.  */
| #include <stdio.h>
| #ifdef HAVE_SYS_TYPES_H
| # include <sys/types.h>
| #endif
| #ifdef HAVE_SYS_STAT_H
| # include <sys/stat.h>
| #endif
| #ifdef STDC_HEADERS
| # include <stdlib.h>
| # include <stddef.h>
| #else
| # ifdef HAVE_STDLIB_H
| #  include <stdlib.h>
| # endif
| #endif
| #ifdef HAVE_STRING_H
| # if !defined STDC_HEADERS && defined HAVE_MEMORY_H
| #  include <memory.h>
| # endif
| # include <string.h>
| #endif
| #ifdef HAVE_STRINGS_H
| # include <strings.h>
| #endif
| #ifdef HAVE_INTTYPES_H
| # include <inttypes.h>
| #endif
| #ifdef HAVE_STDINT_H
| # include <stdint.h>
| #endif
| #ifdef HAVE_UNISTD_H
| # include <unistd.h>
| #endif
| #include <sys/event.h>
configure:19800: result: no
configure:19804: checking sys/event.h presence
configure:19819: arm-linux-gnueabihf-gcc -E  conftest.c
conftest.c:23:23: fatal error: sys/event.h: No such file or directory
 #include <sys/event.h>
                       ^
compilation terminated.
configure:19826: $? = 1
configure: failed program was:
| /* confdefs.h.  */
| #define PACKAGE_NAME "audit"
| #define PACKAGE_TARNAME "audit"
| #define PACKAGE_VERSION "1.7.18"
| #define PACKAGE_STRING "audit 1.7.18"
| #define PACKAGE_BUGREPORT ""
| #define PACKAGE "audit"
| #define VERSION "1.7.18"
| #define STDC_HEADERS 1
| #define HAVE_SYS_TYPES_H 1
| #define HAVE_SYS_STAT_H 1
| #define HAVE_STDLIB_H 1
| #define HAVE_STRING_H 1
| #define HAVE_MEMORY_H 1
| #define HAVE_STRINGS_H 1
| #define HAVE_INTTYPES_H 1
| #define HAVE_STDINT_H 1
| #define HAVE_UNISTD_H 1
| #define HAVE_DLFCN_H 1
| #define HAVE_SYS_INOTIFY_H 1
| #define HAVE_SYS_EPOLL_H 1
| /* end confdefs.h.  */
| #include <sys/event.h>
configure:19840: result: no
configure:19868: checking for sys/event.h
configure:19877: result: no
configure:19762: checking sys/queue.h usability
configure:19779: arm-linux-gnueabihf-gcc -c -g -O2  conftest.c >&5
configure:19786: $? = 0
configure:19800: result: yes
configure:19804: checking sys/queue.h presence
configure:19819: arm-linux-gnueabihf-gcc -E  conftest.c
configure:19826: $? = 0
configure:19840: result: yes
configure:19868: checking for sys/queue.h
configure:19877: result: yes
configure:19762: checking port.h usability
configure:19779: arm-linux-gnueabihf-gcc -c -g -O2  conftest.c >&5
conftest.c:57:18: fatal error: port.h: No such file or directory
 #include <port.h>
                  ^
compilation terminated.
configure:19786: $? = 1
configure: failed program was:
| /* confdefs.h.  */
| #define PACKAGE_NAME "audit"
| #define PACKAGE_TARNAME "audit"
| #define PACKAGE_VERSION "1.7.18"
| #define PACKAGE_STRING "audit 1.7.18"
| #define PACKAGE_BUGREPORT ""
| #define PACKAGE "audit"
| #define VERSION "1.7.18"
| #define STDC_HEADERS 1
| #define HAVE_SYS_TYPES_H 1
| #define HAVE_SYS_STAT_H 1
| #define HAVE_STDLIB_H 1
| #define HAVE_STRING_H 1
| #define HAVE_MEMORY_H 1
| #define HAVE_STRINGS_H 1
| #define HAVE_INTTYPES_H 1
| #define HAVE_STDINT_H 1
| #define HAVE_UNISTD_H 1
| #define HAVE_DLFCN_H 1
| #define HAVE_SYS_INOTIFY_H 1
| #define HAVE_SYS_EPOLL_H 1
| #define HAVE_SYS_QUEUE_H 1
| /* end confdefs.h.  */
| #include <stdio.h>
| #ifdef HAVE_SYS_TYPES_H
| # include <sys/types.h>
| #endif
| #ifdef HAVE_SYS_STAT_H
| # include <sys/stat.h>
| #endif
| #ifdef STDC_HEADERS
| # include <stdlib.h>
| # include <stddef.h>
| #else
| # ifdef HAVE_STDLIB_H
| #  include <stdlib.h>
| # endif
| #endif
| #ifdef HAVE_STRING_H
| # if !defined STDC_HEADERS && defined HAVE_MEMORY_H
| #  include <memory.h>
| # endif
| # include <string.h>
| #endif
| #ifdef HAVE_STRINGS_H
| # include <strings.h>
| #endif
| #ifdef HAVE_INTTYPES_H
| # include <inttypes.h>
| #endif
| #ifdef HAVE_STDINT_H
| # include <stdint.h>
| #endif
| #ifdef HAVE_UNISTD_H
| # include <unistd.h>
| #endif
| #include <port.h>
configure:19800: result: no
configure:19804: checking port.h presence
configure:19819: arm-linux-gnueabihf-gcc -E  conftest.c
conftest.c:24:18: fatal error: port.h: No such file or directory
 #include <port.h>
                  ^
compilation terminated.
configure:19826: $? = 1
configure: failed program was:
| /* confdefs.h.  */
| #define PACKAGE_NAME "audit"
| #define PACKAGE_TARNAME "audit"
| #define PACKAGE_VERSION "1.7.18"
| #define PACKAGE_STRING "audit 1.7.18"
| #define PACKAGE_BUGREPORT ""
| #define PACKAGE "audit"
| #define VERSION "1.7.18"
| #define STDC_HEADERS 1
| #define HAVE_SYS_TYPES_H 1
| #define HAVE_SYS_STAT_H 1
| #define HAVE_STDLIB_H 1
| #define HAVE_STRING_H 1
| #define HAVE_MEMORY_H 1
| #define HAVE_STRINGS_H 1
| #define HAVE_INTTYPES_H 1
| #define HAVE_STDINT_H 1
| #define HAVE_UNISTD_H 1
| #define HAVE_DLFCN_H 1
| #define HAVE_SYS_INOTIFY_H 1
| #define HAVE_SYS_EPOLL_H 1
| #define HAVE_SYS_QUEUE_H 1
| /* end confdefs.h.  */
| #include <port.h>
configure:19840: result: no
configure:19868: checking for port.h
configure:19877: result: no
configure:19762: checking poll.h usability
configure:19779: arm-linux-gnueabihf-gcc -c -g -O2  conftest.c >&5
configure:19786: $? = 0
configure:19800: result: yes
configure:19804: checking poll.h presence
configure:19819: arm-linux-gnueabihf-gcc -E  conftest.c
configure:19826: $? = 0
configure:19840: result: yes
configure:19868: checking for poll.h
configure:19877: result: yes
configure:19762: checking sys/select.h usability
configure:19779: arm-linux-gnueabihf-gcc -c -g -O2  conftest.c >&5
configure:19786: $? = 0
configure:19800: result: yes
configure:19804: checking sys/select.h presence
configure:19819: arm-linux-gnueabihf-gcc -E  conftest.c
configure:19826: $? = 0
configure:19840: result: yes
configure:19868: checking for sys/select.h
configure:19877: result: yes
configure:19762: checking sys/eventfd.h usability
configure:19779: arm-linux-gnueabihf-gcc -c -g -O2  conftest.c >&5
configure:19786: $? = 0
configure:19800: result: yes
configure:19804: checking sys/eventfd.h presence
configure:19819: arm-linux-gnueabihf-gcc -E  conftest.c
configure:19826: $? = 0
configure:19840: result: yes
configure:19868: checking for sys/eventfd.h
configure:19877: result: yes
configure:19903: checking for inotify_init
configure:19959: arm-linux-gnueabihf-gcc -o conftest -g -O2   conftest.c  >&5
configure:19966: $? = 0
configure:19988: result: yes
configure:19903: checking for epoll_ctl
configure:19959: arm-linux-gnueabihf-gcc -o conftest -g -O2   conftest.c  >&5
configure:19966: $? = 0
configure:19988: result: yes
configure:19903: checking for kqueue
configure:19959: arm-linux-gnueabihf-gcc -o conftest -g -O2   conftest.c  >&5
/tmp/cc7F9bRV.o: In function `main':
/home/kakazhang/source/github/Tools/audit-1.7.18/conftest.c:63: undefined reference to `kqueue'
collect2: error: ld returned 1 exit status
configure:19966: $? = 1
configure: failed program was:
| /* confdefs.h.  */
| #define PACKAGE_NAME "audit"
| #define PACKAGE_TARNAME "audit"
| #define PACKAGE_VERSION "1.7.18"
| #define PACKAGE_STRING "audit 1.7.18"
| #define PACKAGE_BUGREPORT ""
| #define PACKAGE "audit"
| #define VERSION "1.7.18"
| #define STDC_HEADERS 1
| #define HAVE_SYS_TYPES_H 1
| #define HAVE_SYS_STAT_H 1
| #define HAVE_STDLIB_H 1
| #define HAVE_STRING_H 1
| #define HAVE_MEMORY_H 1
| #define HAVE_STRINGS_H 1
| #define HAVE_INTTYPES_H 1
| #define HAVE_STDINT_H 1
| #define HAVE_UNISTD_H 1
| #define HAVE_DLFCN_H 1
| #define HAVE_SYS_INOTIFY_H 1
| #define HAVE_SYS_EPOLL_H 1
| #define HAVE_SYS_QUEUE_H 1
| #define HAVE_POLL_H 1
| #define HAVE_SYS_SELECT_H 1
| #define HAVE_SYS_EVENTFD_H 1
| #define HAVE_INOTIFY_INIT 1
| #define HAVE_EPOLL_CTL 1
| /* end confdefs.h.  */
| /* Define kqueue to an innocuous variant, in case <limits.h> declares kqueue.
|    For example, HP-UX 11i <limits.h> declares gettimeofday.  */
| #define kqueue innocuous_kqueue
| 
| /* System header to define __stub macros and hopefully few prototypes,
|     which can conflict with char kqueue (); below.
|     Prefer <limits.h> to <assert.h> if __STDC__ is defined, since
|     <limits.h> exists even on freestanding compilers.  */
| 
| #ifdef __STDC__
| # include <limits.h>
| #else
| # include <assert.h>
| #endif
| 
| #undef kqueue
| 
| /* Override any GCC internal prototype to avoid an error.
|    Use char because int might match the return type of a GCC
|    builtin and then its argument prototype would still apply.  */
| #ifdef __cplusplus
| extern "C"
| #endif
| char kqueue ();
| /* The GNU C library defines this for functions which it implements
|     to always fail with ENOSYS.  Some functions are actually named
|     something starting with __ and the normal name is an alias.  */
| #if defined __stub_kqueue || defined __stub___kqueue
| choke me
| #endif
| 
| int
| main ()
| {
| return kqueue ();
|   ;
|   return 0;
| }
configure:19988: result: no
configure:19903: checking for port_create
configure:19959: arm-linux-gnueabihf-gcc -o conftest -g -O2   conftest.c  >&5
/tmp/cczD383W.o: In function `main':
/home/kakazhang/source/github/Tools/audit-1.7.18/conftest.c:63: undefined reference to `port_create'
collect2: error: ld returned 1 exit status
configure:19966: $? = 1
configure: failed program was:
| /* confdefs.h.  */
| #define PACKAGE_NAME "audit"
| #define PACKAGE_TARNAME "audit"
| #define PACKAGE_VERSION "1.7.18"
| #define PACKAGE_STRING "audit 1.7.18"
| #define PACKAGE_BUGREPORT ""
| #define PACKAGE "audit"
| #define VERSION "1.7.18"
| #define STDC_HEADERS 1
| #define HAVE_SYS_TYPES_H 1
| #define HAVE_SYS_STAT_H 1
| #define HAVE_STDLIB_H 1
| #define HAVE_STRING_H 1
| #define HAVE_MEMORY_H 1
| #define HAVE_STRINGS_H 1
| #define HAVE_INTTYPES_H 1
| #define HAVE_STDINT_H 1
| #define HAVE_UNISTD_H 1
| #define HAVE_DLFCN_H 1
| #define HAVE_SYS_INOTIFY_H 1
| #define HAVE_SYS_EPOLL_H 1
| #define HAVE_SYS_QUEUE_H 1
| #define HAVE_POLL_H 1
| #define HAVE_SYS_SELECT_H 1
| #define HAVE_SYS_EVENTFD_H 1
| #define HAVE_INOTIFY_INIT 1
| #define HAVE_EPOLL_CTL 1
| /* end confdefs.h.  */
| /* Define port_create to an innocuous variant, in case <limits.h> declares port_create.
|    For example, HP-UX 11i <limits.h> declares gettimeofday.  */
| #define port_create innocuous_port_create
| 
| /* System header to define __stub macros and hopefully few prototypes,
|     which can conflict with char port_create (); below.
|     Prefer <limits.h> to <assert.h> if __STDC__ is defined, since
|     <limits.h> exists even on freestanding compilers.  */
| 
| #ifdef __STDC__
| # include <limits.h>
| #else
| # include <assert.h>
| #endif
| 
| #undef port_create
| 
| /* Override any GCC internal prototype to avoid an error.
|    Use char because int might match the return type of a GCC
|    builtin and then its argument prototype would still apply.  */
| #ifdef __cplusplus
| extern "C"
| #endif
| char port_create ();
| /* The GNU C library defines this for functions which it implements
|     to always fail with ENOSYS.  Some functions are actually named
|     something starting with __ and the normal name is an alias.  */
| #if defined __stub_port_create || defined __stub___port_create
| choke me
| #endif
| 
| int
| main ()
| {
| return port_create ();
|   ;
|   return 0;
| }
configure:19988: result: no
configure:19903: checking for poll
configure:19959: arm-linux-gnueabihf-gcc -o conftest -g -O2   conftest.c  >&5
configure:19966: $? = 0
configure:19988: result: yes
configure:19903: checking for select
configure:19959: arm-linux-gnueabihf-gcc -o conftest -g -O2   conftest.c  >&5
configure:19966: $? = 0
configure:19988: result: yes
configure:19903: checking for eventfd
configure:19959: arm-linux-gnueabihf-gcc -o conftest -g -O2   conftest.c  >&5
configure:19966: $? = 0
configure:19988: result: yes
configure:20001: checking for clock_gettime
configure:20057: arm-linux-gnueabihf-gcc -o conftest -g -O2   conftest.c  >&5
configure:20064: $? = 0
configure:20084: result: yes
configure:20333: checking for nanosleep
configure:20389: arm-linux-gnueabihf-gcc -o conftest -g -O2   conftest.c  >&5
configure:20396: $? = 0
configure:20416: result: yes
configure:20606: checking for ceil in -lm
configure:20641: arm-linux-gnueabihf-gcc -o conftest -g -O2   conftest.c -lm   >&5
conftest.c:39:6: warning: conflicting types for built-in function 'ceil'
 char ceil ();
      ^
configure:20648: $? = 0
configure:20669: result: yes
configure:20698: checking for arm-linux-gnueabihf-gcc
configure:20725: result: arm-linux-gnueabihf-gcc
configure:20997: checking for C compiler version
configure:21005: arm-linux-gnueabihf-gcc --version >&5
arm-linux-gnueabihf-gcc (Linaro GCC 4.9-2017.01) 4.9.4
Copyright (C) 2015 Free Software Foundation, Inc.
This is free software; see the source for copying conditions.  There is NO
warranty; not even for MERCHANTABILITY or FITNESS FOR A PARTICULAR PURPOSE.

configure:21009: $? = 0
configure:21016: arm-linux-gnueabihf-gcc -v >&5
Using built-in specs.
COLLECT_GCC=arm-linux-gnueabihf-gcc
COLLECT_LTO_WRAPPER=/home/kakazhang/Tools/toolchain/toolchain/gcc-linaro-4.9.4-2017.01-x86_64_arm-linux-gnueabihf/bin/../libexec/gcc/arm-linux-gnueabihf/4.9.4/lto-wrapper
Target: arm-linux-gnueabihf
Configured with: /home/tcwg-buildslave/workspace/tcwg-make-release/label/docker-trusty-amd64-tcwg-build/target/arm-linux-gnueabihf/snapshots/gcc-linaro-4.9-2017.01/configure SHELL=/bin/bash --with-mpc=/home/tcwg-buildslave/workspace/tcwg-make-release/label/docker-trusty-amd64-tcwg-build/target/arm-linux-gnueabihf/_build/builds/destdir/x86_64-unknown-linux-gnu --with-mpfr=/home/tcwg-buildslave/workspace/tcwg-make-release/label/docker-trusty-amd64-tcwg-build/target/arm-linux-gnueabihf/_build/builds/destdir/x86_64-unknown-linux-gnu --with-gmp=/home/tcwg-buildslave/workspace/tcwg-make-release/label/docker-trusty-amd64-tcwg-build/target/arm-linux-gnueabihf/_build/builds/destdir/x86_64-unknown-linux-gnu --with-gnu-as --with-gnu-ld --disable-libmudflap --enable-lto --enable-objc-gc --enable-shared --without-included-gettext --enable-nls --disable-sjlj-exceptions --enable-gnu-unique-object --enable-linker-build-id --disable-libstdcxx-pch --enable-c99 --enable-clocale=gnu --enable-libstdcxx-debug --enable-long-long --with-cloog=no --with-ppl=no --with-isl=no --disable-multilib --with-float=hard --with-mode=thumb --with-tune=cortex-a9 --with-arch=armv7-a --with-fpu=vfpv3-d16 --enable-threads=posix --enable-multiarch --enable-libstdcxx-time=yes --with-build-sysroot=/home/tcwg-buildslave/workspace/tcwg-make-release/label/docker-trusty-amd64-tcwg-build/target/arm-linux-gnueabihf/_build/sysroots/arm-linux-gnueabihf --with-sysroot=/home/tcwg-buildslave/workspace/tcwg-make-release/label/docker-trusty-amd64-tcwg-build/target/arm-linux-gnueabihf/_build/builds/destdir/x86_64-unknown-linux-gnu/arm-linux-gnueabihf/libc --enable-checking=release --disable-bootstrap --enable-languages=c,c++,fortran,lto --build=x86_64-unknown-linux-gnu --host=x86_64-unknown-linux-gnu --target=arm-linux-gnueabihf --prefix=/home/tcwg-buildslave/workspace/tcwg-make-release/label/docker-trusty-amd64-tcwg-build/target/arm-linux-gnueabihf/_build/builds/destdir/x86_64-unknown-linux-gnu
Thread model: posix
gcc version 4.9.4 (Linaro GCC 4.9-2017.01) 
configure:21020: $? = 0
configure:21027: arm-linux-gnueabihf-gcc -V >&5
arm-linux-gnueabihf-gcc: error: unrecognized command line option '-V'
arm-linux-gnueabihf-gcc: fatal error: no input files
compilation terminated.
configure:21031: $? = 1
configure:21034: checking whether we are using the GNU C compiler
configure:21087: result: yes
configure:21096: checking whether arm-linux-gnueabihf-gcc accepts -g
configure:21234: result: yes
configure:21251: checking for arm-linux-gnueabihf-gcc option to accept ISO C89
configure:21355: result: none needed
configure:21375: checking dependency style of arm-linux-gnueabihf-gcc
configure:21466: result: gcc3
configure:21495: checking for a BSD-compatible install
configure:21563: result: /usr/bin/install -c
configure:21578: checking for gawk
configure:21605: result: mawk
configure:21619: checking for ANSI C header files
configure:21787: result: yes
configure:21797: checking whether time.h and sys/time.h may both be included
configure:21827: arm-linux-gnueabihf-gcc -c -g -O2  conftest.c >&5
configure:21834: $? = 0
configure:21849: result: yes
configure:21860: checking for an ANSI C-conforming const
configure:21935: arm-linux-gnueabihf-gcc -c -g -O2  conftest.c >&5
configure:21942: $? = 0
configure:21957: result: yes
configure:21967: checking for inline
configure:21993: arm-linux-gnueabihf-gcc -c -g -O2  conftest.c >&5
configure:22000: $? = 0
configure:22018: result: inline
configure:22041: checking size of unsigned int
configure:22071: arm-linux-gnueabihf-gcc -c -g -O2  conftest.c >&5
configure:22078: $? = 0
configure:22108: arm-linux-gnueabihf-gcc -c -g -O2  conftest.c >&5
conftest.c: In function 'main':
conftest.c:71:12: error: size of array 'test_array' is negative
 static int test_array [1 - 2 * !(((long int) (sizeof (unsigned int))) <= 0)];
            ^
configure:22115: $? = 1
configure: failed program was:
| /* confdefs.h.  */
| #define PACKAGE_NAME "audit"
| #define PACKAGE_TARNAME "audit"
| #define PACKAGE_VERSION "1.7.18"
| #define PACKAGE_STRING "audit 1.7.18"
| #define PACKAGE_BUGREPORT ""
| #define PACKAGE "audit"
| #define VERSION "1.7.18"
| #define STDC_HEADERS 1
| #define HAVE_SYS_TYPES_H 1
| #define HAVE_SYS_STAT_H 1
| #define HAVE_STDLIB_H 1
| #define HAVE_STRING_H 1
| #define HAVE_MEMORY_H 1
| #define HAVE_STRINGS_H 1
| #define HAVE_INTTYPES_H 1
| #define HAVE_STDINT_H 1
| #define HAVE_UNISTD_H 1
| #define HAVE_DLFCN_H 1
| #define HAVE_SYS_INOTIFY_H 1
| #define HAVE_SYS_EPOLL_H 1
| #define HAVE_SYS_QUEUE_H 1
| #define HAVE_POLL_H 1
| #define HAVE_SYS_SELECT_H 1
| #define HAVE_SYS_EVENTFD_H 1
| #define HAVE_INOTIFY_INIT 1
| #define HAVE_EPOLL_CTL 1
| #define HAVE_POLL 1
| #define HAVE_SELECT 1
| #define HAVE_EVENTFD 1
| #define HAVE_LIBM 1
| #define STDC_HEADERS 1
| #define TIME_WITH_SYS_TIME 1
| /* end confdefs.h.  */
| #include <stdio.h>
| #ifdef HAVE_SYS_TYPES_H
| # include <sys/types.h>
| #endif
| #ifdef HAVE_SYS_STAT_H
| # include <sys/stat.h>
| #endif
| #ifdef STDC_HEADERS
| # include <stdlib.h>
| # include <stddef.h>
| #else
| # ifdef HAVE_STDLIB_H
| #  include <stdlib.h>
| # endif
| #endif
| #ifdef HAVE_STRING_H
| # if !defined STDC_HEADERS && defined HAVE_MEMORY_H
| #  include <memory.h>
| # endif
| # include <string.h>
| #endif
| #ifdef HAVE_STRINGS_H
| # include <strings.h>
| #endif
| #ifdef HAVE_INTTYPES_H
| # include <inttypes.h>
| #endif
| #ifdef HAVE_STDINT_H
| # include <stdint.h>
| #endif
| #ifdef HAVE_UNISTD_H
| # include <unistd.h>
| #endif
| int
| main ()
| {
| static int test_array [1 - 2 * !(((long int) (sizeof (unsigned int))) <= 0)];
| test_array [0] = 0
| 
|   ;
|   return 0;
| }
configure:22108: arm-linux-gnueabihf-gcc -c -g -O2  conftest.c >&5
conftest.c: In function 'main':
conftest.c:71:12: error: size of array 'test_array' is negative
 static int test_array [1 - 2 * !(((long int) (sizeof (unsigned int))) <= 1)];
            ^
configure:22115: $? = 1
configure: failed program was:
| /* confdefs.h.  */
| #define PACKAGE_NAME "audit"
| #define PACKAGE_TARNAME "audit"
| #define PACKAGE_VERSION "1.7.18"
| #define PACKAGE_STRING "audit 1.7.18"
| #define PACKAGE_BUGREPORT ""
| #define PACKAGE "audit"
| #define VERSION "1.7.18"
| #define STDC_HEADERS 1
| #define HAVE_SYS_TYPES_H 1
| #define HAVE_SYS_STAT_H 1
| #define HAVE_STDLIB_H 1
| #define HAVE_STRING_H 1
| #define HAVE_MEMORY_H 1
| #define HAVE_STRINGS_H 1
| #define HAVE_INTTYPES_H 1
| #define HAVE_STDINT_H 1
| #define HAVE_UNISTD_H 1
| #define HAVE_DLFCN_H 1
| #define HAVE_SYS_INOTIFY_H 1
| #define HAVE_SYS_EPOLL_H 1
| #define HAVE_SYS_QUEUE_H 1
| #define HAVE_POLL_H 1
| #define HAVE_SYS_SELECT_H 1
| #define HAVE_SYS_EVENTFD_H 1
| #define HAVE_INOTIFY_INIT 1
| #define HAVE_EPOLL_CTL 1
| #define HAVE_POLL 1
| #define HAVE_SELECT 1
| #define HAVE_EVENTFD 1
| #define HAVE_LIBM 1
| #define STDC_HEADERS 1
| #define TIME_WITH_SYS_TIME 1
| /* end confdefs.h.  */
| #include <stdio.h>
| #ifdef HAVE_SYS_TYPES_H
| # include <sys/types.h>
| #endif
| #ifdef HAVE_SYS_STAT_H
| # include <sys/stat.h>
| #endif
| #ifdef STDC_HEADERS
| # include <stdlib.h>
| # include <stddef.h>
| #else
| # ifdef HAVE_STDLIB_H
| #  include <stdlib.h>
| # endif
| #endif
| #ifdef HAVE_STRING_H
| # if !defined STDC_HEADERS && defined HAVE_MEMORY_H
| #  include <memory.h>
| # endif
| # include <string.h>
| #endif
| #ifdef HAVE_STRINGS_H
| # include <strings.h>
| #endif
| #ifdef HAVE_INTTYPES_H
| # include <inttypes.h>
| #endif
| #ifdef HAVE_STDINT_H
| # include <stdint.h>
| #endif
| #ifdef HAVE_UNISTD_H
| # include <unistd.h>
| #endif
| int
| main ()
| {
| static int test_array [1 - 2 * !(((long int) (sizeof (unsigned int))) <= 1)];
| test_array [0] = 0
| 
|   ;
|   return 0;
| }
configure:22108: arm-linux-gnueabihf-gcc -c -g -O2  conftest.c >&5
conftest.c: In function 'main':
conftest.c:71:12: error: size of array 'test_array' is negative
 static int test_array [1 - 2 * !(((long int) (sizeof (unsigned int))) <= 3)];
            ^
configure:22115: $? = 1
configure: failed program was:
| /* confdefs.h.  */
| #define PACKAGE_NAME "audit"
| #define PACKAGE_TARNAME "audit"
| #define PACKAGE_VERSION "1.7.18"
| #define PACKAGE_STRING "audit 1.7.18"
| #define PACKAGE_BUGREPORT ""
| #define PACKAGE "audit"
| #define VERSION "1.7.18"
| #define STDC_HEADERS 1
| #define HAVE_SYS_TYPES_H 1
| #define HAVE_SYS_STAT_H 1
| #define HAVE_STDLIB_H 1
| #define HAVE_STRING_H 1
| #define HAVE_MEMORY_H 1
| #define HAVE_STRINGS_H 1
| #define HAVE_INTTYPES_H 1
| #define HAVE_STDINT_H 1
| #define HAVE_UNISTD_H 1
| #define HAVE_DLFCN_H 1
| #define HAVE_SYS_INOTIFY_H 1
| #define HAVE_SYS_EPOLL_H 1
| #define HAVE_SYS_QUEUE_H 1
| #define HAVE_POLL_H 1
| #define HAVE_SYS_SELECT_H 1
| #define HAVE_SYS_EVENTFD_H 1
| #define HAVE_INOTIFY_INIT 1
| #define HAVE_EPOLL_CTL 1
| #define HAVE_POLL 1
| #define HAVE_SELECT 1
| #define HAVE_EVENTFD 1
| #define HAVE_LIBM 1
| #define STDC_HEADERS 1
| #define TIME_WITH_SYS_TIME 1
| /* end confdefs.h.  */
| #include <stdio.h>
| #ifdef HAVE_SYS_TYPES_H
| # include <sys/types.h>
| #endif
| #ifdef HAVE_SYS_STAT_H
| # include <sys/stat.h>
| #endif
| #ifdef STDC_HEADERS
| # include <stdlib.h>
| # include <stddef.h>
| #else
| # ifdef HAVE_STDLIB_H
| #  include <stdlib.h>
| # endif
| #endif
| #ifdef HAVE_STRING_H
| # if !defined STDC_HEADERS && defined HAVE_MEMORY_H
| #  include <memory.h>
| # endif
| # include <string.h>
| #endif
| #ifdef HAVE_STRINGS_H
| # include <strings.h>
| #endif
| #ifdef HAVE_INTTYPES_H
| # include <inttypes.h>
| #endif
| #ifdef HAVE_STDINT_H
| # include <stdint.h>
| #endif
| #ifdef HAVE_UNISTD_H
| # include <unistd.h>
| #endif
| int
| main ()
| {
| static int test_array [1 - 2 * !(((long int) (sizeof (unsigned int))) <= 3)];
| test_array [0] = 0
| 
|   ;
|   return 0;
| }
configure:22108: arm-linux-gnueabihf-gcc -c -g -O2  conftest.c >&5
configure:22115: $? = 0
configure:22263: arm-linux-gnueabihf-gcc -c -g -O2  conftest.c >&5
configure:22270: $? = 0
configure:22263: arm-linux-gnueabihf-gcc -c -g -O2  conftest.c >&5
configure:22270: $? = 0
configure:22386: result: 4
configure:22400: checking size of unsigned long
configure:22430: arm-linux-gnueabihf-gcc -c -g -O2  conftest.c >&5
configure:22437: $? = 0
configure:22467: arm-linux-gnueabihf-gcc -c -g -O2  conftest.c >&5
conftest.c: In function 'main':
conftest.c:72:12: error: size of array 'test_array' is negative
 static int test_array [1 - 2 * !(((long int) (sizeof (unsigned long))) <= 0)];
            ^
configure:22474: $? = 1
configure: failed program was:
| /* confdefs.h.  */
| #define PACKAGE_NAME "audit"
| #define PACKAGE_TARNAME "audit"
| #define PACKAGE_VERSION "1.7.18"
| #define PACKAGE_STRING "audit 1.7.18"
| #define PACKAGE_BUGREPORT ""
| #define PACKAGE "audit"
| #define VERSION "1.7.18"
| #define STDC_HEADERS 1
| #define HAVE_SYS_TYPES_H 1
| #define HAVE_SYS_STAT_H 1
| #define HAVE_STDLIB_H 1
| #define HAVE_STRING_H 1
| #define HAVE_MEMORY_H 1
| #define HAVE_STRINGS_H 1
| #define HAVE_INTTYPES_H 1
| #define HAVE_STDINT_H 1
| #define HAVE_UNISTD_H 1
| #define HAVE_DLFCN_H 1
| #define HAVE_SYS_INOTIFY_H 1
| #define HAVE_SYS_EPOLL_H 1
| #define HAVE_SYS_QUEUE_H 1
| #define HAVE_POLL_H 1
| #define HAVE_SYS_SELECT_H 1
| #define HAVE_SYS_EVENTFD_H 1
| #define HAVE_INOTIFY_INIT 1
| #define HAVE_EPOLL_CTL 1
| #define HAVE_POLL 1
| #define HAVE_SELECT 1
| #define HAVE_EVENTFD 1
| #define HAVE_LIBM 1
| #define STDC_HEADERS 1
| #define TIME_WITH_SYS_TIME 1
| #define SIZEOF_UNSIGNED_INT 4
| /* end confdefs.h.  */
| #include <stdio.h>
| #ifdef HAVE_SYS_TYPES_H
| # include <sys/types.h>
| #endif
| #ifdef HAVE_SYS_STAT_H
| # include <sys/stat.h>
| #endif
| #ifdef STDC_HEADERS
| # include <stdlib.h>
| # include <stddef.h>
| #else
| # ifdef HAVE_STDLIB_H
| #  include <stdlib.h>
| # endif
| #endif
| #ifdef HAVE_STRING_H
| # if !defined STDC_HEADERS && defined HAVE_MEMORY_H
| #  include <memory.h>
| # endif
| # include <string.h>
| #endif
| #ifdef HAVE_STRINGS_H
| # include <strings.h>
| #endif
| #ifdef HAVE_INTTYPES_H
| # include <inttypes.h>
| #endif
| #ifdef HAVE_STDINT_H
| # include <stdint.h>
| #endif
| #ifdef HAVE_UNISTD_H
| # include <unistd.h>
| #endif
| int
| main ()
| {
| static int test_array [1 - 2 * !(((long int) (sizeof (unsigned long))) <= 0)];
| test_array [0] = 0
| 
|   ;
|   return 0;
| }
configure:22467: arm-linux-gnueabihf-gcc -c -g -O2  conftest.c >&5
conftest.c: In function 'main':
conftest.c:72:12: error: size of array 'test_array' is negative
 static int test_array [1 - 2 * !(((long int) (sizeof (unsigned long))) <= 1)];
            ^
configure:22474: $? = 1
configure: failed program was:
| /* confdefs.h.  */
| #define PACKAGE_NAME "audit"
| #define PACKAGE_TARNAME "audit"
| #define PACKAGE_VERSION "1.7.18"
| #define PACKAGE_STRING "audit 1.7.18"
| #define PACKAGE_BUGREPORT ""
| #define PACKAGE "audit"
| #define VERSION "1.7.18"
| #define STDC_HEADERS 1
| #define HAVE_SYS_TYPES_H 1
| #define HAVE_SYS_STAT_H 1
| #define HAVE_STDLIB_H 1
| #define HAVE_STRING_H 1
| #define HAVE_MEMORY_H 1
| #define HAVE_STRINGS_H 1
| #define HAVE_INTTYPES_H 1
| #define HAVE_STDINT_H 1
| #define HAVE_UNISTD_H 1
| #define HAVE_DLFCN_H 1
| #define HAVE_SYS_INOTIFY_H 1
| #define HAVE_SYS_EPOLL_H 1
| #define HAVE_SYS_QUEUE_H 1
| #define HAVE_POLL_H 1
| #define HAVE_SYS_SELECT_H 1
| #define HAVE_SYS_EVENTFD_H 1
| #define HAVE_INOTIFY_INIT 1
| #define HAVE_EPOLL_CTL 1
| #define HAVE_POLL 1
| #define HAVE_SELECT 1
| #define HAVE_EVENTFD 1
| #define HAVE_LIBM 1
| #define STDC_HEADERS 1
| #define TIME_WITH_SYS_TIME 1
| #define SIZEOF_UNSIGNED_INT 4
| /* end confdefs.h.  */
| #include <stdio.h>
| #ifdef HAVE_SYS_TYPES_H
| # include <sys/types.h>
| #endif
| #ifdef HAVE_SYS_STAT_H
| # include <sys/stat.h>
| #endif
| #ifdef STDC_HEADERS
| # include <stdlib.h>
| # include <stddef.h>
| #else
| # ifdef HAVE_STDLIB_H
| #  include <stdlib.h>
| # endif
| #endif
| #ifdef HAVE_STRING_H
| # if !defined STDC_HEADERS && defined HAVE_MEMORY_H
| #  include <memory.h>
| # endif
| # include <string.h>
| #endif
| #ifdef HAVE_STRINGS_H
| # include <strings.h>
| #endif
| #ifdef HAVE_INTTYPES_H
| # include <inttypes.h>
| #endif
| #ifdef HAVE_STDINT_H
| # include <stdint.h>
| #endif
| #ifdef HAVE_UNISTD_H
| # include <unistd.h>
| #endif
| int
| main ()
| {
| static int test_array [1 - 2 * !(((long int) (sizeof (unsigned long))) <= 1)];
| test_array [0] = 0
| 
|   ;
|   return 0;
| }
configure:22467: arm-linux-gnueabihf-gcc -c -g -O2  conftest.c >&5
conftest.c: In function 'main':
conftest.c:72:12: error: size of array 'test_array' is negative
 static int test_array [1 - 2 * !(((long int) (sizeof (unsigned long))) <= 3)];
            ^
configure:22474: $? = 1
configure: failed program was:
| /* confdefs.h.  */
| #define PACKAGE_NAME "audit"
| #define PACKAGE_TARNAME "audit"
| #define PACKAGE_VERSION "1.7.18"
| #define PACKAGE_STRING "audit 1.7.18"
| #define PACKAGE_BUGREPORT ""
| #define PACKAGE "audit"
| #define VERSION "1.7.18"
| #define STDC_HEADERS 1
| #define HAVE_SYS_TYPES_H 1
| #define HAVE_SYS_STAT_H 1
| #define HAVE_STDLIB_H 1
| #define HAVE_STRING_H 1
| #define HAVE_MEMORY_H 1
| #define HAVE_STRINGS_H 1
| #define HAVE_INTTYPES_H 1
| #define HAVE_STDINT_H 1
| #define HAVE_UNISTD_H 1
| #define HAVE_DLFCN_H 1
| #define HAVE_SYS_INOTIFY_H 1
| #define HAVE_SYS_EPOLL_H 1
| #define HAVE_SYS_QUEUE_H 1
| #define HAVE_POLL_H 1
| #define HAVE_SYS_SELECT_H 1
| #define HAVE_SYS_EVENTFD_H 1
| #define HAVE_INOTIFY_INIT 1
| #define HAVE_EPOLL_CTL 1
| #define HAVE_POLL 1
| #define HAVE_SELECT 1
| #define HAVE_EVENTFD 1
| #define HAVE_LIBM 1
| #define STDC_HEADERS 1
| #define TIME_WITH_SYS_TIME 1
| #define SIZEOF_UNSIGNED_INT 4
| /* end confdefs.h.  */
| #include <stdio.h>
| #ifdef HAVE_SYS_TYPES_H
| # include <sys/types.h>
| #endif
| #ifdef HAVE_SYS_STAT_H
| # include <sys/stat.h>
| #endif
| #ifdef STDC_HEADERS
| # include <stdlib.h>
| # include <stddef.h>
| #else
| # ifdef HAVE_STDLIB_H
| #  include <stdlib.h>
| # endif
| #endif
| #ifdef HAVE_STRING_H
| # if !defined STDC_HEADERS && defined HAVE_MEMORY_H
| #  include <memory.h>
| # endif
| # include <string.h>
| #endif
| #ifdef HAVE_STRINGS_H
| # include <strings.h>
| #endif
| #ifdef HAVE_INTTYPES_H
| # include <inttypes.h>
| #endif
| #ifdef HAVE_STDINT_H
| # include <stdint.h>
| #endif
| #ifdef HAVE_UNISTD_H
| # include <unistd.h>
| #endif
| int
| main ()
| {
| static int test_array [1 - 2 * !(((long int) (sizeof (unsigned long))) <= 3)];
| test_array [0] = 0
| 
|   ;
|   return 0;
| }
configure:22467: arm-linux-gnueabihf-gcc -c -g -O2  conftest.c >&5
configure:22474: $? = 0
configure:22622: arm-linux-gnueabihf-gcc -c -g -O2  conftest.c >&5
configure:22629: $? = 0
configure:22622: arm-linux-gnueabihf-gcc -c -g -O2  conftest.c >&5
configure:22629: $? = 0
configure:22745: result: 4
configure:22756: checking whether arm-linux-gnueabihf-gcc and cc understand -c and -o together
configure:22791: arm-linux-gnueabihf-gcc -c conftest.c -o conftest2.o >&5
configure:22795: $? = 0
configure:22801: arm-linux-gnueabihf-gcc -c conftest.c -o conftest2.o >&5
configure:22805: $? = 0
configure:22816: cc -c conftest.c >&5
configure:22820: $? = 0
configure:22828: cc -c conftest.c -o conftest2.o >&5
configure:22832: $? = 0
configure:22838: cc -c conftest.c -o conftest2.o >&5
configure:22842: $? = 0
configure:22860: result: yes
configure:22918: checking for gss_acquire_cred in -lgssapi_krb5
configure:22953: arm-linux-gnueabihf-gcc -o conftest -g -O2   conftest.c -lgssapi_krb5   >&5
/home/kakazhang/Tools/toolchain/toolchain/gcc-linaro-4.9.4-2017.01-x86_64_arm-linux-gnueabihf/bin/../lib/gcc/arm-linux-gnueabihf/4.9.4/../../../../arm-linux-gnueabihf/bin/ld: cannot find -lgssapi_krb5
collect2: error: ld returned 1 exit status
configure:22960: $? = 1
configure: failed program was:
| /* confdefs.h.  */
| #define PACKAGE_NAME "audit"
| #define PACKAGE_TARNAME "audit"
| #define PACKAGE_VERSION "1.7.18"
| #define PACKAGE_STRING "audit 1.7.18"
| #define PACKAGE_BUGREPORT ""
| #define PACKAGE "audit"
| #define VERSION "1.7.18"
| #define STDC_HEADERS 1
| #define HAVE_SYS_TYPES_H 1
| #define HAVE_SYS_STAT_H 1
| #define HAVE_STDLIB_H 1
| #define HAVE_STRING_H 1
| #define HAVE_MEMORY_H 1
| #define HAVE_STRINGS_H 1
| #define HAVE_INTTYPES_H 1
| #define HAVE_STDINT_H 1
| #define HAVE_UNISTD_H 1
| #define HAVE_DLFCN_H 1
| #define HAVE_SYS_INOTIFY_H 1
| #define HAVE_SYS_EPOLL_H 1
| #define HAVE_SYS_QUEUE_H 1
| #define HAVE_POLL_H 1
| #define HAVE_SYS_SELECT_H 1
| #define HAVE_SYS_EVENTFD_H 1
| #define HAVE_INOTIFY_INIT 1
| #define HAVE_EPOLL_CTL 1
| #define HAVE_POLL 1
| #define HAVE_SELECT 1
| #define HAVE_EVENTFD 1
| #define HAVE_LIBM 1
| #define STDC_HEADERS 1
| #define TIME_WITH_SYS_TIME 1
| #define SIZEOF_UNSIGNED_INT 4
| #define SIZEOF_UNSIGNED_LONG 4
| /* end confdefs.h.  */
| 
| /* Override any GCC internal prototype to avoid an error.
|    Use char because int might match the return type of a GCC
|    builtin and then its argument prototype would still apply.  */
| #ifdef __cplusplus
| extern "C"
| #endif
| char gss_acquire_cred ();
| int
| main ()
| {
| return gss_acquire_cred ();
|   ;
|   return 0;
| }
configure:22981: result: no
configure:23193: checking whether to include alpha processor support
configure:23210: result: no
configure:23222: checking whether to use apparmor
configure:23239: result: no
configure:23253: result: no
configure:23346: checking whether to use libwrap
configure:23979: result: no
configure:24175: creating ./config.status

## ---------------------- ##
## Running config.status. ##
## ---------------------- ##

This file was extended by audit config.status 1.7.18, which was
generated by GNU Autoconf 2.63.  Invocation command line was

  CONFIG_FILES    = 
  CONFIG_HEADERS  = 
  CONFIG_LINKS    = 
  CONFIG_COMMANDS = 
  $ ./config.status 

on kakazhang

config.status:862: creating Makefile
config.status:862: creating lib/Makefile
config.status:862: creating lib/test/Makefile
config.status:862: creating auparse/Makefile
config.status:862: creating auparse/test/Makefile
config.status:862: creating src/Makefile
config.status:862: creating src/mt/Makefile
config.status:862: creating src/libev/Makefile
config.status:862: creating src/test/Makefile
config.status:862: creating swig/Makefile
config.status:862: creating docs/Makefile
config.status:862: creating init.d/Makefile
config.status:862: creating audisp/Makefile
config.status:862: creating audisp/plugins/Makefile
config.status:862: creating audisp/plugins/builtins/Makefile
config.status:862: creating audisp/plugins/prelude/Makefile
config.status:862: creating audisp/plugins/remote/Makefile
config.status:862: creating audisp/plugins/zos-remote/Makefile
config.status:862: creating bindings/Makefile
config.status:862: creating bindings/python/Makefile
config.status:862: creating tools/Makefile
config.status:862: creating tools/aulast/Makefile
config.status:862: creating tools/aulastlog/Makefile
config.status:862: creating tools/ausyscall/Makefile
config.status:862: creating config.h
config.status:1084: config.h is unchanged
config.status:1136: executing depfiles commands
configure:25589: === configuring in system-config-audit (/home/kakazhang/source/github/Tools/audit-1.7.18/system-config-audit)
configure:25692: running /bin/bash ./configure --disable-option-checking '--prefix=/home/kakazhang/out'  'CC=arm-linux-gnueabihf-gcc' '--host=arm-linux-gnueabihf' 'host_alias=arm-linux-gnueabihf' --cache-file=/dev/null --srcdir=.

## ---------------- ##
## Cache variables. ##
## ---------------- ##

ac_cv_build=x86_64-unknown-linux-gnu
ac_cv_c_compiler_gnu=yes
ac_cv_c_const=yes
ac_cv_c_inline=inline
ac_cv_cxx_compiler_gnu=yes
ac_cv_env_CCC_set=
ac_cv_env_CCC_value=
ac_cv_env_CC_set=set
ac_cv_env_CC_value=arm-linux-gnueabihf-gcc
ac_cv_env_CFLAGS_set=
ac_cv_env_CFLAGS_value=
ac_cv_env_CPPFLAGS_set=
ac_cv_env_CPPFLAGS_value=
ac_cv_env_CPP_set=
ac_cv_env_CPP_value=
ac_cv_env_CXXCPP_set=
ac_cv_env_CXXCPP_value=
ac_cv_env_CXXFLAGS_set=
ac_cv_env_CXXFLAGS_value=
ac_cv_env_CXX_set=
ac_cv_env_CXX_value=
ac_cv_env_F77_set=
ac_cv_env_F77_value=
ac_cv_env_FFLAGS_set=
ac_cv_env_FFLAGS_value=
ac_cv_env_LDFLAGS_set=
ac_cv_env_LDFLAGS_value=
ac_cv_env_LIBS_set=
ac_cv_env_LIBS_value=
ac_cv_env_build_alias_set=
ac_cv_env_build_alias_value=
ac_cv_env_host_alias_set=set
ac_cv_env_host_alias_value=arm-linux-gnueabihf
ac_cv_env_target_alias_set=
ac_cv_env_target_alias_value=
ac_cv_f77_compiler_gnu=yes
ac_cv_func_clock_gettime=yes
ac_cv_func_epoll_ctl=yes
ac_cv_func_eventfd=yes
ac_cv_func_inotify_init=yes
ac_cv_func_kqueue=no
ac_cv_func_nanosleep=yes
ac_cv_func_poll=yes
ac_cv_func_port_create=no
ac_cv_func_select=yes
ac_cv_header_dlfcn_h=yes
ac_cv_header_inttypes_h=yes
ac_cv_header_memory_h=yes
ac_cv_header_poll_h=yes
ac_cv_header_port_h=no
ac_cv_header_stdc=yes
ac_cv_header_stdint_h=yes
ac_cv_header_stdlib_h=yes
ac_cv_header_string_h=yes
ac_cv_header_strings_h=yes
ac_cv_header_sys_epoll_h=yes
ac_cv_header_sys_event_h=no
ac_cv_header_sys_eventfd_h=yes
ac_cv_header_sys_inotify_h=yes
ac_cv_header_sys_queue_h=yes
ac_cv_header_sys_select_h=yes
ac_cv_header_sys_stat_h=yes
ac_cv_header_sys_types_h=yes
ac_cv_header_time=yes
ac_cv_header_unistd_h=yes
ac_cv_host=arm-unknown-linux-gnueabihf
ac_cv_lib_gssapi_krb5_gss_acquire_cred=no
ac_cv_lib_m_ceil=yes
ac_cv_objext=o
ac_cv_path_EGREP='/bin/grep -E'
ac_cv_path_GREP=/bin/grep
ac_cv_path_PYTHON=/usr/bin/python
ac_cv_path_install='/usr/bin/install -c'
ac_cv_path_mkdir=/bin/mkdir
ac_cv_prog_AR=arm-linux-gnueabihf-ar
ac_cv_prog_AWK=mawk
ac_cv_prog_CC=arm-linux-gnueabihf-gcc
ac_cv_prog_CPP='arm-linux-gnueabihf-gcc -E'
ac_cv_prog_CXX=arm-linux-gnueabihf-g++
ac_cv_prog_CXXCPP='arm-linux-gnueabihf-g++ -E'
ac_cv_prog_F77=arm-linux-gnueabihf-gfortran
ac_cv_prog_RANLIB=arm-linux-gnueabihf-ranlib
ac_cv_prog_STRIP=arm-linux-gnueabihf-strip
ac_cv_prog_cc_arm_linux_gnueabihf_gcc_c_o=yes
ac_cv_prog_cc_c89=
ac_cv_prog_cc_g=yes
ac_cv_prog_cxx_g=yes
ac_cv_prog_f77_g=yes
ac_cv_prog_make_make_set=yes
ac_cv_sizeof_unsigned_int=4
ac_cv_sizeof_unsigned_long=4
ac_cv_target=arm-unknown-linux-gnueabihf
am_cv_CC_dependencies_compiler_type=gcc3
am_cv_CXX_dependencies_compiler_type=gcc3
am_cv_python_platform=linux2
am_cv_python_pyexecdir='${exec_prefix}/lib/python2.7/site-packages'
am_cv_python_pythondir='${prefix}/lib/python2.7/site-packages'
am_cv_python_version=2.7
lt_cv_deplibs_check_method=pass_all
lt_cv_file_magic_cmd='$MAGIC_CMD'
lt_cv_file_magic_test_file=
lt_cv_ld_reload_flag=-r
lt_cv_objdir=.libs
lt_cv_path_LD=/home/kakazhang/Tools/toolchain/toolchain/gcc-linaro-4.9.4-2017.01-x86_64_arm-linux-gnueabihf/arm-linux-gnueabihf/bin/ld
lt_cv_path_LDCXX=/home/kakazhang/Tools/toolchain/toolchain/gcc-linaro-4.9.4-2017.01-x86_64_arm-linux-gnueabihf/arm-linux-gnueabihf/bin/ld
lt_cv_path_NM='/home/kakazhang/Tools/toolchain/toolchain/gcc-linaro-4.9.4-2017.01-x86_64_arm-linux-gnueabihf/bin/arm-linux-gnueabihf-nm -B'
lt_cv_path_SED=/bin/sed
lt_cv_prog_compiler_c_o=yes
lt_cv_prog_compiler_c_o_CXX=yes
lt_cv_prog_compiler_c_o_F77=yes
lt_cv_prog_compiler_rtti_exceptions=no
lt_cv_prog_gnu_ld=yes
lt_cv_prog_gnu_ldcxx=yes
lt_cv_sys_global_symbol_pipe='sed -n -e '\''s/^.*[ 	]\([ABCDGIRSTW][ABCDGIRSTW]*\)[ 	][ 	]*\([_A-Za-z][_A-Za-z0-9]*\)$/\1 \2 \2/p'\'''
lt_cv_sys_global_symbol_to_c_name_address='sed -n -e '\''s/^: \([^ ]*\) $/  {\"\1\", (lt_ptr) 0},/p'\'' -e '\''s/^[BCDEGRST] \([^ ]*\) \([^ ]*\)$/  {"\2", (lt_ptr) \&\2},/p'\'''
lt_cv_sys_global_symbol_to_cdecl='sed -n -e '\''s/^. .* \(.*\)$/extern int \1;/p'\'''
lt_cv_sys_max_cmd_len=1572864
lt_lt_cv_prog_compiler_c_o='"yes"'
lt_lt_cv_prog_compiler_c_o_CXX='"yes"'
lt_lt_cv_prog_compiler_c_o_F77='"yes"'
lt_lt_cv_sys_global_symbol_pipe='"sed -n -e '\''s/^.*[ 	]\\([ABCDGIRSTW][ABCDGIRSTW]*\\)[ 	][ 	]*\\([_A-Za-z][_A-Za-z0-9]*\\)\$/\\1 \\2 \\2/p'\''"'
lt_lt_cv_sys_global_symbol_to_c_name_address='"sed -n -e '\''s/^: \\([^ ]*\\) \$/  {\\\"\\1\\\", (lt_ptr) 0},/p'\'' -e '\''s/^[BCDEGRST] \\([^ ]*\\) \\([^ ]*\\)\$/  {\"\\2\", (lt_ptr) \\&\\2},/p'\''"'
lt_lt_cv_sys_global_symbol_to_cdecl='"sed -n -e '\''s/^. .* \\(.*\\)\$/extern int \\1;/p'\''"'

## ----------------- ##
## Output variables. ##
## ----------------- ##

ACLOCAL='${SHELL} /home/kakazhang/source/github/Tools/audit-1.7.18/missing --run aclocal-1.10'
AMDEPBACKSLASH='\'
AMDEP_FALSE='#'
AMDEP_TRUE=''
AMTAR='${SHELL} /home/kakazhang/source/github/Tools/audit-1.7.18/missing --run tar'
AR='arm-linux-gnueabihf-ar'
AUTOCONF='${SHELL} /home/kakazhang/source/github/Tools/audit-1.7.18/missing --run autoconf'
AUTOHEADER='${SHELL} /home/kakazhang/source/github/Tools/audit-1.7.18/missing --run autoheader'
AUTOMAKE='${SHELL} /home/kakazhang/source/github/Tools/audit-1.7.18/missing --run automake-1.10'
AWK='mawk'
CC='arm-linux-gnueabihf-gcc'
CCDEPMODE='depmode=gcc3'
CFLAGS='-g -O2'
CPP='arm-linux-gnueabihf-gcc -E'
CPPFLAGS=''
CXX='arm-linux-gnueabihf-g++'
CXXCPP='arm-linux-gnueabihf-g++ -E'
CXXDEPMODE='depmode=gcc3'
CXXFLAGS='-g -O2'
CYGPATH_W='echo'
DEBUG='-DNDEBUG'
DEBUG_FALSE=''
DEBUG_TRUE='#'
DEFS='-DHAVE_CONFIG_H'
DEPDIR='.deps'
ECHO='echo'
ECHO_C=''
ECHO_N='-n'
ECHO_T=''
EGREP='/bin/grep -E'
ENABLE_GSSAPI_FALSE='#'
ENABLE_GSSAPI_TRUE=''
EXEEXT=''
F77='arm-linux-gnueabihf-gfortran'
FFLAGS='-g -O2'
GREP='/bin/grep'
HAVE_PRELUDE_FALSE=''
HAVE_PRELUDE_TRUE='#'
INSTALL_DATA='${INSTALL} -m 644'
INSTALL_PROGRAM='${INSTALL}'
INSTALL_SCRIPT='${INSTALL}'
INSTALL_STRIP_PROGRAM='$(install_sh) -c -s'
LDFLAGS=''
LIBOBJS=''
LIBPRELUDE_CFLAGS=''
LIBPRELUDE_LDFLAGS=''
LIBS=''
LIBTOOL='$(SHELL) $(top_builddir)/libtool'
LIBTOOL_DEPS='./ltmain.sh'
LIBWRAP_LIBS=''
LN_S='ln -s'
LTLIBOBJS=''
MAKEINFO='${SHELL} /home/kakazhang/source/github/Tools/audit-1.7.18/missing --run makeinfo'
MKDIR_P='/bin/mkdir -p'
OBJEXT='o'
PACKAGE='audit'
PACKAGE_BUGREPORT=''
PACKAGE_NAME='audit'
PACKAGE_STRING='audit 1.7.18'
PACKAGE_TARNAME='audit'
PACKAGE_VERSION='1.7.18'
PATH_SEPARATOR=':'
PYTHON='/usr/bin/python'
PYTHON_EXEC_PREFIX='${exec_prefix}'
PYTHON_PLATFORM='linux2'
PYTHON_PREFIX='${prefix}'
PYTHON_VERSION='2.7'
RANLIB='arm-linux-gnueabihf-ranlib'
SED='/bin/sed'
SET_MAKE=''
SHELL='/bin/bash'
STRIP='arm-linux-gnueabihf-strip'
USE_ALPHA_FALSE=''
USE_ALPHA_TRUE='#'
VERSION='1.7.18'
ac_ct_CC=''
ac_ct_CXX=''
ac_ct_F77=''
am__fastdepCC_FALSE='#'
am__fastdepCC_TRUE=''
am__fastdepCXX_FALSE='#'
am__fastdepCXX_TRUE=''
am__include='include'
am__isrc=''
am__leading_dot='.'
am__quote=''
am__tar='${AMTAR} chof - "$$tardir"'
am__untar='${AMTAR} xf -'
bindir='${exec_prefix}/bin'
build='x86_64-unknown-linux-gnu'
build_alias=''
build_cpu='x86_64'
build_os='linux-gnu'
build_vendor='unknown'
datadir='${datarootdir}'
datarootdir='${prefix}/share'
docdir='${datarootdir}/doc/${PACKAGE_TARNAME}'
dvidir='${docdir}'
exec_prefix='${prefix}'
gss_libs=''
host='arm-unknown-linux-gnueabihf'
host_alias='arm-linux-gnueabihf'
host_cpu='arm'
host_os='linux-gnueabihf'
host_vendor='unknown'
htmldir='${docdir}'
includedir='${prefix}/include'
infodir='${datarootdir}/info'
install_sh='$(SHELL) /home/kakazhang/source/github/Tools/audit-1.7.18/install-sh'
libdir='${exec_prefix}/lib'
libev_LIBS='-lm '
libexecdir='${exec_prefix}/libexec'
localedir='${datarootdir}/locale'
localstatedir='${prefix}/var'
mandir='${datarootdir}/man'
mkdir_p='/bin/mkdir -p'
oldincludedir='/usr/include'
pdfdir='${docdir}'
pkgpyexecdir='${pyexecdir}/audit'
pkgpythondir='${pythondir}/audit'
prefix='/home/kakazhang/out'
program_transform_name='s,x,x,'
psdir='${docdir}'
pyexecdir='${exec_prefix}/lib/python2.7/site-packages'
pythondir='${prefix}/lib/python2.7/site-packages'
sbindir='${exec_prefix}/sbin'
sharedstatedir='${prefix}/com'
subdirs=' system-config-audit'
sysconfdir='${prefix}/etc'
target='arm-unknown-linux-gnueabihf'
target_alias=''
target_cpu='arm'
target_os='linux-gnueabihf'
target_vendor='unknown'

## ----------- ##
## confdefs.h. ##
## ----------- ##

#define PACKAGE_NAME "audit"
#define PACKAGE_TARNAME "audit"
#define PACKAGE_VERSION "1.7.18"
#define PACKAGE_STRING "audit 1.7.18"
#define PACKAGE_BUGREPORT ""
#define PACKAGE "audit"
#define VERSION "1.7.18"
#define STDC_HEADERS 1
#define HAVE_SYS_TYPES_H 1
#define HAVE_SYS_STAT_H 1
#define HAVE_STDLIB_H 1
#define HAVE_STRING_H 1
#define HAVE_MEMORY_H 1
#define HAVE_STRINGS_H 1
#define HAVE_INTTYPES_H 1
#define HAVE_STDINT_H 1
#define HAVE_UNISTD_H 1
#define HAVE_DLFCN_H 1
#define HAVE_SYS_INOTIFY_H 1
#define HAVE_SYS_EPOLL_H 1
#define HAVE_SYS_QUEUE_H 1
#define HAVE_POLL_H 1
#define HAVE_SYS_SELECT_H 1
#define HAVE_SYS_EVENTFD_H 1
#define HAVE_INOTIFY_INIT 1
#define HAVE_EPOLL_CTL 1
#define HAVE_POLL 1
#define HAVE_SELECT 1
#define HAVE_EVENTFD 1
#define HAVE_LIBM 1
#define STDC_HEADERS 1
#define TIME_WITH_SYS_TIME 1
#define SIZEOF_UNSIGNED_INT 4
#define SIZEOF_UNSIGNED_LONG 4

configure: exit 0
